{
  "C:\\Users\\efaus\\Warp Projects\\inner_stance_buddy\\src\\components\\AddToHomeScreenButton.tsx": {
    "path": "C:\\Users\\efaus\\Warp Projects\\inner_stance_buddy\\src\\components\\AddToHomeScreenButton.tsx",
    "statementMap": {
      "0": { "start": { "line": 22, "column": 25 }, "end": { "line": 22, "column": 93 } },
      "1": { "start": { "line": 23, "column": 23 }, "end": { "line": 23, "column": 57 } },
      "2": { "start": { "line": 24, "column": 20 }, "end": { "line": 24, "column": 51 } },
      "3": { "start": { "line": 25, "column": 19 }, "end": { "line": 25, "column": 63 } },
      "4": { "start": { "line": 26, "column": 20 }, "end": { "line": 31, "column": 4 } },
      "5": { "start": { "line": 33, "column": 16 }, "end": { "line": 33, "column": null } },
      "6": { "start": { "line": 35, "column": 2 }, "end": { "line": 83, "column": null } },
      "7": { "start": { "line": 36, "column": 28 }, "end": { "line": 36, "column": 75 } },
      "8": { "start": { "line": 38, "column": 6 }, "end": { "line": 39, "column": null } },
      "9": { "start": { "line": 41, "column": 4 }, "end": { "line": 41, "column": null } },
      "10": { "start": { "line": 43, "column": 15 }, "end": { "line": 43, "column": 48 } },
      "11": { "start": { "line": 45, "column": 6 }, "end": { "line": 45, "column": null } },
      "12": { "start": { "line": 46, "column": 22 }, "end": { "line": 46, "column": 40 } },
      "13": { "start": { "line": 48, "column": 4 }, "end": { "line": 53, "column": null } },
      "14": { "start": { "line": 49, "column": 6 }, "end": { "line": 49, "column": null } },
      "15": { "start": { "line": 50, "column": 15 }, "end": { "line": 53, "column": null } },
      "16": { "start": { "line": 51, "column": 6 }, "end": { "line": 51, "column": null } },
      "17": { "start": { "line": 53, "column": 6 }, "end": { "line": 53, "column": null } },
      "18": { "start": { "line": 56, "column": 25 }, "end": { "line": 56, "column": 71 } },
      "19": { "start": { "line": 57, "column": 4 }, "end": { "line": 62, "column": null } },
      "20": { "start": { "line": 57, "column": 28 }, "end": { "line": 62, "column": 7 } },
      "21": { "start": { "line": 64, "column": 10 }, "end": { "line": 67, "column": null } },
      "22": { "start": { "line": 65, "column": 6 }, "end": { "line": 65, "column": null } },
      "23": { "start": { "line": 66, "column": 6 }, "end": { "line": 66, "column": null } },
      "24": { "start": { "line": 67, "column": 6 }, "end": { "line": 67, "column": null } },
      "25": { "start": { "line": 67, "column": 30 }, "end": { "line": 67, "column": 75 } },
      "26": { "start": { "line": 70, "column": 10 }, "end": { "line": 73, "column": null } },
      "27": { "start": { "line": 71, "column": 6 }, "end": { "line": 71, "column": null } },
      "28": { "start": { "line": 72, "column": 6 }, "end": { "line": 72, "column": null } },
      "29": { "start": { "line": 73, "column": 6 }, "end": { "line": 73, "column": null } },
      "30": { "start": { "line": 76, "column": 4 }, "end": { "line": 76, "column": null } },
      "31": { "start": { "line": 77, "column": 4 }, "end": { "line": 77, "column": null } },
      "32": { "start": { "line": 79, "column": 4 }, "end": { "line": 81, "column": null } },
      "33": { "start": { "line": 80, "column": 6 }, "end": { "line": 80, "column": null } },
      "34": { "start": { "line": 81, "column": 6 }, "end": { "line": 81, "column": null } },
      "35": { "start": { "line": 85, "column": 29 }, "end": { "line": 92, "column": null } },
      "36": { "start": { "line": 86, "column": 4 }, "end": { "line": 92, "column": null } },
      "37": { "start": { "line": 87, "column": 6 }, "end": { "line": 87, "column": null } },
      "38": { "start": { "line": 88, "column": 26 }, "end": { "line": 88, "column": null } },
      "39": { "start": { "line": 89, "column": 6 }, "end": { "line": 89, "column": null } },
      "40": { "start": { "line": 90, "column": 6 }, "end": { "line": 92, "column": null } },
      "41": { "start": { "line": 91, "column": 8 }, "end": { "line": 91, "column": null } },
      "42": { "start": { "line": 92, "column": 8 }, "end": { "line": 92, "column": null } },
      "43": { "start": { "line": 97, "column": 8 }, "end": { "line": 101, "column": null } },
      "44": { "start": { "line": 98, "column": 4 }, "end": { "line": 101, "column": null } },
      "45": { "start": { "line": 99, "column": 6 }, "end": { "line": 99, "column": null } },
      "46": { "start": { "line": 101, "column": 6 }, "end": { "line": 101, "column": null } },
      "47": { "start": { "line": 105, "column": 2 }, "end": { "line": 111, "column": null } },
      "48": { "start": { "line": 106, "column": 4 }, "end": { "line": 111, "column": null } },
      "49": { "start": { "line": 116, "column": 8 }, "end": { "line": 150, "column": null } },
      "50": { "start": { "line": 117, "column": 4 }, "end": { "line": 150, "column": null } },
      "51": { "start": { "line": 157, "column": 8 }, "end": { "line": 187, "column": null } },
      "52": { "start": { "line": 158, "column": 4 }, "end": { "line": 187, "column": null } },
      "53": { "start": { "line": 194, "column": 8 }, "end": { "line": 226, "column": null } },
      "54": { "start": { "line": 195, "column": 4 }, "end": { "line": 226, "column": null } },
      "55": { "start": { "line": 232, "column": 8 }, "end": { "line": 245, "column": null } },
      "56": { "start": { "line": 233, "column": 4 }, "end": { "line": 233, "column": null } },
      "57": { "start": { "line": 233, "column": 16 }, "end": { "line": 233, "column": null } },
      "58": { "start": { "line": 234, "column": 4 }, "end": { "line": 245, "column": null } },
      "59": { "start": { "line": 251, "column": 2 }, "end": { "line": 320, "column": null } },
      "60": { "start": { "line": 281, "column": 33 }, "end": { "line": 281, "column": 52 } },
      "61": { "start": { "line": 311, "column": 31 }, "end": { "line": 311, "column": 50 } }
    },
    "fnMap": {
      "0": {
        "name": "AddToHomeScreenButton",
        "decl": { "start": { "line": 21, "column": 24 }, "end": { "line": 21, "column": 48 } },
        "loc": { "start": { "line": 21, "column": 48 }, "end": { "line": 320, "column": null } },
        "line": 21
      },
      "1": {
        "name": "(anonymous_1)",
        "decl": { "start": { "line": 35, "column": 2 }, "end": { "line": 35, "column": 18 } },
        "loc": { "start": { "line": 35, "column": 18 }, "end": { "line": 83, "column": 7 } },
        "line": 35
      },
      "2": {
        "name": "(anonymous_2)",
        "decl": { "start": { "line": 57, "column": 4 }, "end": { "line": 57, "column": 18 } },
        "loc": { "start": { "line": 57, "column": 28 }, "end": { "line": 62, "column": 7 } },
        "line": 57
      },
      "3": {
        "name": "(anonymous_3)",
        "decl": { "start": { "line": 64, "column": 10 }, "end": { "line": 64, "column": 39 } },
        "loc": { "start": { "line": 64, "column": 52 }, "end": { "line": 67, "column": null } },
        "line": 64
      },
      "4": {
        "name": "(anonymous_4)",
        "decl": { "start": { "line": 67, "column": 6 }, "end": { "line": 67, "column": 20 } },
        "loc": { "start": { "line": 67, "column": 30 }, "end": { "line": 67, "column": 75 } },
        "line": 67
      },
      "5": {
        "name": "(anonymous_5)",
        "decl": { "start": { "line": 70, "column": 10 }, "end": { "line": 70, "column": 37 } },
        "loc": { "start": { "line": 70, "column": 37 }, "end": { "line": 73, "column": null } },
        "line": 70
      },
      "6": {
        "name": "(anonymous_6)",
        "decl": { "start": { "line": 79, "column": 4 }, "end": { "line": 79, "column": 17 } },
        "loc": { "start": { "line": 79, "column": 17 }, "end": { "line": 81, "column": null } },
        "line": 79
      },
      "7": {
        "name": "(anonymous_7)",
        "decl": { "start": { "line": 85, "column": 29 }, "end": { "line": 85, "column": 41 } },
        "loc": { "start": { "line": 85, "column": 41 }, "end": { "line": 92, "column": null } },
        "line": 85
      },
      "8": {
        "name": "(anonymous_8)",
        "decl": { "start": { "line": 97, "column": 8 }, "end": { "line": 97, "column": 34 } },
        "loc": { "start": { "line": 97, "column": 34 }, "end": { "line": 101, "column": null } },
        "line": 97
      },
      "9": {
        "name": "(anonymous_9)",
        "decl": { "start": { "line": 116, "column": 8 }, "end": { "line": 116, "column": null } },
        "loc": { "start": { "line": 117, "column": 4 }, "end": { "line": 150, "column": null } },
        "line": 117
      },
      "10": {
        "name": "(anonymous_10)",
        "decl": { "start": { "line": 157, "column": 8 }, "end": { "line": 157, "column": null } },
        "loc": { "start": { "line": 158, "column": 4 }, "end": { "line": 187, "column": null } },
        "line": 158
      },
      "11": {
        "name": "(anonymous_11)",
        "decl": { "start": { "line": 194, "column": 8 }, "end": { "line": 194, "column": null } },
        "loc": { "start": { "line": 195, "column": 4 }, "end": { "line": 226, "column": null } },
        "line": 195
      },
      "12": {
        "name": "(anonymous_12)",
        "decl": { "start": { "line": 232, "column": 8 }, "end": { "line": 232, "column": 35 } },
        "loc": { "start": { "line": 232, "column": 35 }, "end": { "line": 245, "column": null } },
        "line": 232
      },
      "13": {
        "name": "(anonymous_13)",
        "decl": { "start": { "line": 281, "column": 18 }, "end": { "line": 281, "column": 33 } },
        "loc": { "start": { "line": 281, "column": 33 }, "end": { "line": 281, "column": 52 } },
        "line": 281
      },
      "14": {
        "name": "(anonymous_14)",
        "decl": { "start": { "line": 311, "column": 16 }, "end": { "line": 311, "column": 31 } },
        "loc": { "start": { "line": 311, "column": 31 }, "end": { "line": 311, "column": 50 } },
        "line": 311
      }
    },
    "branchMap": {
      "0": {
        "loc": { "start": { "line": 38, "column": 6 }, "end": { "line": 39, "column": null } },
        "type": "binary-expr",
        "locations": [
          { "start": { "line": 38, "column": 6 }, "end": { "line": 38, "column": null } },
          { "start": { "line": 39, "column": 7 }, "end": { "line": 39, "column": null } }
        ],
        "line": 38
      },
      "1": {
        "loc": { "start": { "line": 45, "column": 6 }, "end": { "line": 45, "column": null } },
        "type": "binary-expr",
        "locations": [
          { "start": { "line": 45, "column": 6 }, "end": { "line": 45, "column": 33 } },
          { "start": { "line": 45, "column": 37 }, "end": { "line": 45, "column": null } }
        ],
        "line": 45
      },
      "2": {
        "loc": { "start": { "line": 48, "column": 4 }, "end": { "line": 53, "column": null } },
        "type": "if",
        "locations": [
          { "start": { "line": 48, "column": 4 }, "end": { "line": 53, "column": null } },
          { "start": { "line": 50, "column": 15 }, "end": { "line": 53, "column": null } }
        ],
        "line": 48
      },
      "3": {
        "loc": { "start": { "line": 50, "column": 15 }, "end": { "line": 53, "column": null } },
        "type": "if",
        "locations": [
          { "start": { "line": 50, "column": 15 }, "end": { "line": 53, "column": null } },
          { "start": { "line": 52, "column": 11 }, "end": { "line": 53, "column": null } }
        ],
        "line": 50
      },
      "4": {
        "loc": { "start": { "line": 61, "column": 19 }, "end": { "line": 61, "column": null } },
        "type": "cond-expr",
        "locations": [
          { "start": { "line": 61, "column": 40 }, "end": { "line": 61, "column": 55 } },
          { "start": { "line": 61, "column": 55 }, "end": { "line": 61, "column": null } }
        ],
        "line": 61
      },
      "5": {
        "loc": { "start": { "line": 86, "column": 4 }, "end": { "line": 92, "column": null } },
        "type": "if",
        "locations": [
          { "start": { "line": 86, "column": 4 }, "end": { "line": 92, "column": null } },
          { "start": {}, "end": {} }
        ],
        "line": 86
      },
      "6": {
        "loc": { "start": { "line": 90, "column": 6 }, "end": { "line": 92, "column": null } },
        "type": "if",
        "locations": [
          { "start": { "line": 90, "column": 6 }, "end": { "line": 92, "column": null } },
          { "start": {}, "end": {} }
        ],
        "line": 90
      },
      "7": {
        "loc": { "start": { "line": 98, "column": 4 }, "end": { "line": 101, "column": null } },
        "type": "if",
        "locations": [
          { "start": { "line": 98, "column": 4 }, "end": { "line": 101, "column": null } },
          { "start": { "line": 100, "column": 11 }, "end": { "line": 101, "column": null } }
        ],
        "line": 98
      },
      "8": {
        "loc": { "start": { "line": 105, "column": 2 }, "end": { "line": 111, "column": null } },
        "type": "if",
        "locations": [
          { "start": { "line": 105, "column": 2 }, "end": { "line": 111, "column": null } },
          { "start": {}, "end": {} }
        ],
        "line": 105
      },
      "9": {
        "loc": { "start": { "line": 233, "column": 4 }, "end": { "line": 233, "column": null } },
        "type": "if",
        "locations": [
          { "start": { "line": 233, "column": 4 }, "end": { "line": 233, "column": null } },
          { "start": {}, "end": {} }
        ],
        "line": 233
      },
      "10": {
        "loc": { "start": { "line": 238, "column": 32 }, "end": { "line": 238, "column": 80 } },
        "type": "cond-expr",
        "locations": [
          { "start": { "line": 238, "column": 59 }, "end": { "line": 238, "column": 68 } },
          { "start": { "line": 238, "column": 68 }, "end": { "line": 238, "column": 80 } }
        ],
        "line": 238
      },
      "11": {
        "loc": { "start": { "line": 240, "column": 41 }, "end": { "line": 240, "column": null } },
        "type": "cond-expr",
        "locations": [
          { "start": { "line": 240, "column": 78 }, "end": { "line": 240, "column": 87 } },
          { "start": { "line": 240, "column": 87 }, "end": { "line": 240, "column": null } }
        ],
        "line": 240
      },
      "12": {
        "loc": { "start": { "line": 243, "column": 40 }, "end": { "line": 243, "column": null } },
        "type": "cond-expr",
        "locations": [
          { "start": { "line": 243, "column": 77 }, "end": { "line": 243, "column": 86 } },
          { "start": { "line": 243, "column": 86 }, "end": { "line": 243, "column": null } }
        ],
        "line": 243
      },
      "13": {
        "loc": { "start": { "line": 266, "column": 7 }, "end": { "line": 320, "column": null } },
        "type": "binary-expr",
        "locations": [
          { "start": { "line": 266, "column": 7 }, "end": { "line": 266, "column": null } },
          { "start": { "line": 267, "column": 8 }, "end": { "line": 320, "column": null } }
        ],
        "line": 266
      },
      "14": {
        "loc": { "start": { "line": 288, "column": 15 }, "end": { "line": 305, "column": null } },
        "type": "cond-expr",
        "locations": [
          { "start": { "line": 289, "column": 16 }, "end": { "line": 301, "column": null } },
          { "start": { "line": 301, "column": 16 }, "end": { "line": 305, "column": null } }
        ],
        "line": 288
      },
      "15": {
        "loc": { "start": { "line": 302, "column": 19 }, "end": { "line": 302, "column": 64 } },
        "type": "binary-expr",
        "locations": [
          { "start": { "line": 302, "column": 19 }, "end": { "line": 302, "column": 41 } },
          { "start": { "line": 302, "column": 41 }, "end": { "line": 302, "column": 64 } }
        ],
        "line": 302
      },
      "16": {
        "loc": { "start": { "line": 303, "column": 19 }, "end": { "line": 303, "column": 72 } },
        "type": "binary-expr",
        "locations": [
          { "start": { "line": 303, "column": 19 }, "end": { "line": 303, "column": 45 } },
          { "start": { "line": 303, "column": 45 }, "end": { "line": 303, "column": 72 } }
        ],
        "line": 303
      },
      "17": {
        "loc": { "start": { "line": 304, "column": 19 }, "end": { "line": 304, "column": null } },
        "type": "binary-expr",
        "locations": [
          { "start": { "line": 304, "column": 19 }, "end": { "line": 304, "column": 45 } },
          { "start": { "line": 304, "column": 45 }, "end": { "line": 304, "column": null } }
        ],
        "line": 304
      }
    },
    "s": {
      "0": 9,
      "1": 9,
      "2": 9,
      "3": 9,
      "4": 9,
      "5": 9,
      "6": 9,
      "7": 4,
      "8": 4,
      "9": 4,
      "10": 4,
      "11": 4,
      "12": 4,
      "13": 4,
      "14": 0,
      "15": 4,
      "16": 0,
      "17": 4,
      "18": 4,
      "19": 4,
      "20": 4,
      "21": 4,
      "22": 1,
      "23": 1,
      "24": 1,
      "25": 0,
      "26": 4,
      "27": 0,
      "28": 0,
      "29": 0,
      "30": 4,
      "31": 4,
      "32": 4,
      "33": 4,
      "34": 4,
      "35": 9,
      "36": 0,
      "37": 0,
      "38": 0,
      "39": 0,
      "40": 0,
      "41": 0,
      "42": 0,
      "43": 9,
      "44": 0,
      "45": 0,
      "46": 0,
      "47": 9,
      "48": 1,
      "49": 7,
      "50": 0,
      "51": 7,
      "52": 0,
      "53": 7,
      "54": 0,
      "55": 7,
      "56": 0,
      "57": 0,
      "58": 0,
      "59": 7,
      "60": 0,
      "61": 0
    },
    "f": {
      "0": 9,
      "1": 4,
      "2": 4,
      "3": 1,
      "4": 0,
      "5": 0,
      "6": 4,
      "7": 0,
      "8": 0,
      "9": 0,
      "10": 0,
      "11": 0,
      "12": 0,
      "13": 0,
      "14": 0
    },
    "b": {
      "0": [4, 3],
      "1": [4, 0],
      "2": [0, 4],
      "3": [0, 4],
      "4": [1, 3],
      "5": [0, 0],
      "6": [0, 0],
      "7": [0, 0],
      "8": [1, 8],
      "9": [0, 0],
      "10": [0, 0],
      "11": [0, 0],
      "12": [0, 0],
      "13": [7, 0],
      "14": [0, 0],
      "15": [0, 0],
      "16": [0, 0],
      "17": [0, 0]
    },
    "meta": {
      "lastBranch": 18,
      "lastFunction": 15,
      "lastStatement": 62,
      "seen": {
        "f:21:24:21:48": 0,
        "s:22:25:22:93": 0,
        "s:23:23:23:57": 1,
        "s:24:20:24:51": 2,
        "s:25:19:25:63": 3,
        "s:26:20:31:4": 4,
        "s:33:16:33:Infinity": 5,
        "s:35:2:83:Infinity": 6,
        "f:35:2:35:18": 1,
        "s:36:28:36:75": 7,
        "s:38:6:39:Infinity": 8,
        "b:38:6:38:Infinity:39:7:39:Infinity": 0,
        "s:41:4:41:Infinity": 9,
        "s:43:15:43:48": 10,
        "s:45:6:45:Infinity": 11,
        "b:45:6:45:33:45:37:45:Infinity": 1,
        "s:46:22:46:40": 12,
        "b:48:4:53:Infinity:50:15:53:Infinity": 2,
        "s:48:4:53:Infinity": 13,
        "s:49:6:49:Infinity": 14,
        "b:50:15:53:Infinity:52:11:53:Infinity": 3,
        "s:50:15:53:Infinity": 15,
        "s:51:6:51:Infinity": 16,
        "s:53:6:53:Infinity": 17,
        "s:56:25:56:71": 18,
        "s:57:4:62:Infinity": 19,
        "f:57:4:57:18": 2,
        "s:57:28:62:7": 20,
        "b:61:40:61:55:61:55:61:Infinity": 4,
        "s:64:10:67:Infinity": 21,
        "f:64:10:64:39": 3,
        "s:65:6:65:Infinity": 22,
        "s:66:6:66:Infinity": 23,
        "s:67:6:67:Infinity": 24,
        "f:67:6:67:20": 4,
        "s:67:30:67:75": 25,
        "s:70:10:73:Infinity": 26,
        "f:70:10:70:37": 5,
        "s:71:6:71:Infinity": 27,
        "s:72:6:72:Infinity": 28,
        "s:73:6:73:Infinity": 29,
        "s:76:4:76:Infinity": 30,
        "s:77:4:77:Infinity": 31,
        "s:79:4:81:Infinity": 32,
        "f:79:4:79:17": 6,
        "s:80:6:80:Infinity": 33,
        "s:81:6:81:Infinity": 34,
        "s:85:29:92:Infinity": 35,
        "f:85:29:85:41": 7,
        "b:86:4:92:Infinity:undefined:undefined:undefined:undefined": 5,
        "s:86:4:92:Infinity": 36,
        "s:87:6:87:Infinity": 37,
        "s:88:26:88:Infinity": 38,
        "s:89:6:89:Infinity": 39,
        "b:90:6:92:Infinity:undefined:undefined:undefined:undefined": 6,
        "s:90:6:92:Infinity": 40,
        "s:91:8:91:Infinity": 41,
        "s:92:8:92:Infinity": 42,
        "s:97:8:101:Infinity": 43,
        "f:97:8:97:34": 8,
        "b:98:4:101:Infinity:100:11:101:Infinity": 7,
        "s:98:4:101:Infinity": 44,
        "s:99:6:99:Infinity": 45,
        "s:101:6:101:Infinity": 46,
        "b:105:2:111:Infinity:undefined:undefined:undefined:undefined": 8,
        "s:105:2:111:Infinity": 47,
        "s:106:4:111:Infinity": 48,
        "s:116:8:150:Infinity": 49,
        "f:116:8:116:Infinity": 9,
        "s:117:4:150:Infinity": 50,
        "s:157:8:187:Infinity": 51,
        "f:157:8:157:Infinity": 10,
        "s:158:4:187:Infinity": 52,
        "s:194:8:226:Infinity": 53,
        "f:194:8:194:Infinity": 11,
        "s:195:4:226:Infinity": 54,
        "s:232:8:245:Infinity": 55,
        "f:232:8:232:35": 12,
        "b:233:4:233:Infinity:undefined:undefined:undefined:undefined": 9,
        "s:233:4:233:Infinity": 56,
        "s:233:16:233:Infinity": 57,
        "s:234:4:245:Infinity": 58,
        "b:238:59:238:68:238:68:238:80": 10,
        "b:240:78:240:87:240:87:240:Infinity": 11,
        "b:243:77:243:86:243:86:243:Infinity": 12,
        "s:251:2:320:Infinity": 59,
        "b:266:7:266:Infinity:267:8:320:Infinity": 13,
        "f:281:18:281:33": 13,
        "s:281:33:281:52": 60,
        "b:289:16:301:Infinity:301:16:305:Infinity": 14,
        "b:302:19:302:41:302:41:302:64": 15,
        "b:303:19:303:45:303:45:303:72": 16,
        "b:304:19:304:45:304:45:304:Infinity": 17,
        "f:311:16:311:31": 14,
        "s:311:31:311:50": 61
      }
    }
  },
  "C:\\Users\\efaus\\Warp Projects\\inner_stance_buddy\\src\\components\\AuthPage.tsx": {
    "path": "C:\\Users\\efaus\\Warp Projects\\inner_stance_buddy\\src\\components\\AuthPage.tsx",
    "statementMap": {
      "0": { "start": { "line": 31, "column": 27 }, "end": { "line": 42, "column": null } },
      "1": { "start": { "line": 45, "column": 15 }, "end": { "line": 45, "column": 54 } },
      "2": { "start": { "line": 46, "column": 16 }, "end": { "line": 46, "column": 40 } },
      "3": { "start": { "line": 47, "column": 19 }, "end": { "line": 47, "column": 46 } },
      "4": { "start": { "line": 48, "column": 19 }, "end": { "line": 48, "column": 46 } },
      "5": { "start": { "line": 49, "column": 19 }, "end": { "line": 49, "column": 64 } },
      "6": { "start": { "line": 50, "column": 27 }, "end": { "line": 50, "column": 62 } },
      "7": { "start": { "line": 51, "column": 25 }, "end": { "line": 51, "column": 58 } },
      "8": { "start": { "line": 52, "column": 24 }, "end": { "line": 52, "column": 59 } },
      "9": { "start": { "line": 53, "column": 20 }, "end": { "line": 53, "column": 51 } },
      "10": { "start": { "line": 54, "column": 16 }, "end": { "line": 54, "column": 57 } },
      "11": { "start": { "line": 55, "column": 25 }, "end": { "line": 55, "column": 75 } },
      "12": { "start": { "line": 56, "column": 24 }, "end": { "line": 56, "column": 80 } },
      "13": { "start": { "line": 57, "column": 25 }, "end": { "line": 57, "column": 61 } },
      "14": { "start": { "line": 58, "column": 23 }, "end": { "line": 58, "column": 57 } },
      "15": { "start": { "line": 59, "column": 27 }, "end": { "line": 59, "column": 65 } },
      "16": { "start": { "line": 60, "column": 28 }, "end": { "line": 60, "column": 64 } },
      "17": { "start": { "line": 61, "column": 22 }, "end": { "line": 61, "column": 55 } },
      "18": { "start": { "line": 62, "column": 24 }, "end": { "line": 62, "column": 59 } },
      "19": { "start": { "line": 64, "column": 8 }, "end": { "line": 64, "column": 49 } },
      "20": { "start": { "line": 65, "column": 8 }, "end": { "line": 65, "column": 52 } },
      "21": { "start": { "line": 67, "column": 2 }, "end": { "line": 69, "column": null } },
      "22": { "start": { "line": 68, "column": 4 }, "end": { "line": 68, "column": null } },
      "23": { "start": { "line": 72, "column": 2 }, "end": { "line": 79, "column": null } },
      "24": { "start": { "line": 73, "column": 4 }, "end": { "line": 76, "column": null } },
      "25": { "start": { "line": 74, "column": 6 }, "end": { "line": 74, "column": null } },
      "26": { "start": { "line": 75, "column": 6 }, "end": { "line": 76, "column": null } },
      "27": { "start": { "line": 76, "column": 8 }, "end": { "line": 76, "column": null } },
      "28": { "start": { "line": 81, "column": 2 }, "end": { "line": 132, "column": null } },
      "29": { "start": { "line": 82, "column": 10 }, "end": { "line": 90, "column": null } },
      "30": { "start": { "line": 83, "column": 6 }, "end": { "line": 90, "column": null } },
      "31": { "start": { "line": 84, "column": 23 }, "end": { "line": 84, "column": null } },
      "32": { "start": { "line": 86, "column": 8 }, "end": { "line": 90, "column": null } },
      "33": { "start": { "line": 87, "column": 10 }, "end": { "line": 90, "column": null } },
      "34": { "start": { "line": 88, "column": 12 }, "end": { "line": 88, "column": null } },
      "35": { "start": { "line": 89, "column": 21 }, "end": { "line": 90, "column": null } },
      "36": { "start": { "line": 90, "column": 12 }, "end": { "line": 90, "column": null } },
      "37": { "start": { "line": 96, "column": 23 }, "end": { "line": 96, "column": null } },
      "38": { "start": { "line": 97, "column": 26 }, "end": { "line": 97, "column": null } },
      "39": { "start": { "line": 99, "column": 4 }, "end": { "line": 100, "column": null } },
      "40": { "start": { "line": 100, "column": 6 }, "end": { "line": 100, "column": null } },
      "41": { "start": { "line": 102, "column": 4 }, "end": { "line": 103, "column": null } },
      "42": { "start": { "line": 103, "column": 6 }, "end": { "line": 103, "column": null } },
      "43": { "start": { "line": 106, "column": 33 }, "end": { "line": 121, "column": 11 } },
      "44": { "start": { "line": 108, "column": 6 }, "end": { "line": 118, "column": null } },
      "45": { "start": { "line": 109, "column": 8 }, "end": { "line": 110, "column": null } },
      "46": { "start": { "line": 110, "column": 10 }, "end": { "line": 110, "column": null } },
      "47": { "start": { "line": 112, "column": 8 }, "end": { "line": 113, "column": null } },
      "48": { "start": { "line": 113, "column": 10 }, "end": { "line": 113, "column": null } },
      "49": { "start": { "line": 117, "column": 8 }, "end": { "line": 118, "column": null } },
      "50": { "start": { "line": 118, "column": 10 }, "end": { "line": 118, "column": null } },
      "51": { "start": { "line": 123, "column": 4 }, "end": { "line": 130, "column": null } },
      "52": { "start": { "line": 124, "column": 6 }, "end": { "line": 125, "column": null } },
      "53": { "start": { "line": 125, "column": 8 }, "end": { "line": 125, "column": null } },
      "54": { "start": { "line": 127, "column": 6 }, "end": { "line": 128, "column": null } },
      "55": { "start": { "line": 128, "column": 8 }, "end": { "line": 128, "column": null } },
      "56": { "start": { "line": 130, "column": 6 }, "end": { "line": 130, "column": null } },
      "57": { "start": { "line": 134, "column": 8 }, "end": { "line": 145, "column": 98 } },
      "58": { "start": { "line": 135, "column": 4 }, "end": { "line": 135, "column": null } },
      "59": { "start": { "line": 135, "column": 27 }, "end": { "line": 135, "column": null } },
      "60": { "start": { "line": 136, "column": 4 }, "end": { "line": 143, "column": null } },
      "61": { "start": { "line": 147, "column": 8 }, "end": { "line": 150, "column": 29 } },
      "62": { "start": { "line": 148, "column": 4 }, "end": { "line": 148, "column": null } },
      "63": { "start": { "line": 148, "column": 27 }, "end": { "line": 148, "column": null } },
      "64": { "start": { "line": 149, "column": 4 }, "end": { "line": 149, "column": null } },
      "65": { "start": { "line": 152, "column": 23 }, "end": { "line": 258, "column": null } },
      "66": { "start": { "line": 153, "column": 4 }, "end": { "line": 153, "column": null } },
      "67": { "start": { "line": 154, "column": 4 }, "end": { "line": 154, "column": null } },
      "68": { "start": { "line": 155, "column": 4 }, "end": { "line": 155, "column": null } },
      "69": { "start": { "line": 156, "column": 4 }, "end": { "line": 156, "column": null } },
      "70": { "start": { "line": 158, "column": 4 }, "end": { "line": 258, "column": null } },
      "71": { "start": { "line": 159, "column": 6 }, "end": { "line": 232, "column": null } },
      "72": { "start": { "line": 160, "column": 8 }, "end": { "line": 165, "column": null } },
      "73": { "start": { "line": 161, "column": 10 }, "end": { "line": 163, "column": null } },
      "74": { "start": { "line": 164, "column": 10 }, "end": { "line": 164, "column": null } },
      "75": { "start": { "line": 165, "column": 10 }, "end": { "line": 165, "column": null } },
      "76": { "start": { "line": 168, "column": 29 }, "end": { "line": 168, "column": 69 } },
      "77": { "start": { "line": 170, "column": 28 }, "end": { "line": 170, "column": null } },
      "78": { "start": { "line": 172, "column": 57 }, "end": { "line": 189, "column": 10 } },
      "79": { "start": { "line": 191, "column": 8 }, "end": { "line": 191, "column": null } },
      "80": { "start": { "line": 191, "column": 25 }, "end": { "line": 191, "column": null } },
      "81": { "start": { "line": 194, "column": 8 }, "end": { "line": 221, "column": null } },
      "82": { "start": { "line": 196, "column": 28 }, "end": { "line": 196, "column": null } },
      "83": { "start": { "line": 198, "column": 10 }, "end": { "line": 202, "column": null } },
      "84": { "start": { "line": 200, "column": 12 }, "end": { "line": 200, "column": null } },
      "85": { "start": { "line": 201, "column": 12 }, "end": { "line": 201, "column": null } },
      "86": { "start": { "line": 202, "column": 12 }, "end": { "line": 202, "column": null } },
      "87": { "start": { "line": 205, "column": 10 }, "end": { "line": 206, "column": null } },
      "88": { "start": { "line": 206, "column": 12 }, "end": { "line": 206, "column": null } },
      "89": { "start": { "line": 210, "column": 26 }, "end": { "line": 210, "column": null } },
      "90": { "start": { "line": 211, "column": 10 }, "end": { "line": 221, "column": null } },
      "91": { "start": { "line": 213, "column": 12 }, "end": { "line": 213, "column": null } },
      "92": { "start": { "line": 214, "column": 12 }, "end": { "line": 214, "column": null } },
      "93": { "start": { "line": 215, "column": 12 }, "end": { "line": 215, "column": null } },
      "94": { "start": { "line": 216, "column": 12 }, "end": { "line": 216, "column": null } },
      "95": { "start": { "line": 217, "column": 12 }, "end": { "line": 217, "column": null } },
      "96": { "start": { "line": 218, "column": 12 }, "end": { "line": 218, "column": null } },
      "97": { "start": { "line": 221, "column": 12 }, "end": { "line": 221, "column": null } },
      "98": { "start": { "line": 225, "column": 39 }, "end": { "line": 228, "column": 10 } },
      "99": { "start": { "line": 230, "column": 8 }, "end": { "line": 230, "column": null } },
      "100": { "start": { "line": 230, "column": 25 }, "end": { "line": 230, "column": null } },
      "101": { "start": { "line": 232, "column": 8 }, "end": { "line": 232, "column": null } },
      "102": { "start": { "line": 235, "column": 27 }, "end": { "line": 235, "column": null } },
      "103": { "start": { "line": 238, "column": 6 }, "end": { "line": 255, "column": null } },
      "104": { "start": { "line": 239, "column": 8 }, "end": { "line": 242, "column": null } },
      "105": { "start": { "line": 244, "column": 8 }, "end": { "line": 255, "column": null } },
      "106": { "start": { "line": 247, "column": 8 }, "end": { "line": 247, "column": null } },
      "107": { "start": { "line": 248, "column": 17 }, "end": { "line": 255, "column": null } },
      "108": { "start": { "line": 249, "column": 8 }, "end": { "line": 251, "column": null } },
      "109": { "start": { "line": 252, "column": 17 }, "end": { "line": 255, "column": null } },
      "110": { "start": { "line": 253, "column": 8 }, "end": { "line": 253, "column": null } },
      "111": { "start": { "line": 255, "column": 8 }, "end": { "line": 255, "column": null } },
      "112": { "start": { "line": 258, "column": 6 }, "end": { "line": 258, "column": null } },
      "113": { "start": { "line": 262, "column": 35 }, "end": { "line": 293, "column": null } },
      "114": { "start": { "line": 263, "column": 4 }, "end": { "line": 263, "column": null } },
      "115": { "start": { "line": 264, "column": 4 }, "end": { "line": 264, "column": null } },
      "116": { "start": { "line": 265, "column": 4 }, "end": { "line": 265, "column": null } },
      "117": { "start": { "line": 267, "column": 4 }, "end": { "line": 293, "column": null } },
      "118": { "start": { "line": 268, "column": 37 }, "end": { "line": 274, "column": 8 } },
      "119": { "start": { "line": 276, "column": 6 }, "end": { "line": 276, "column": null } },
      "120": { "start": { "line": 276, "column": 23 }, "end": { "line": 276, "column": null } },
      "121": { "start": { "line": 278, "column": 6 }, "end": { "line": 278, "column": null } },
      "122": { "start": { "line": 279, "column": 6 }, "end": { "line": 279, "column": null } },
      "123": { "start": { "line": 279, "column": 23 }, "end": { "line": 279, "column": 46 } },
      "124": { "start": { "line": 282, "column": 8 }, "end": { "line": 282, "column": null } },
      "125": { "start": { "line": 284, "column": 6 }, "end": { "line": 290, "column": null } },
      "126": { "start": { "line": 285, "column": 8 }, "end": { "line": 288, "column": null } },
      "127": { "start": { "line": 290, "column": 8 }, "end": { "line": 290, "column": null } },
      "128": { "start": { "line": 293, "column": 6 }, "end": { "line": 293, "column": null } },
      "129": { "start": { "line": 297, "column": 8 }, "end": { "line": 314, "column": null } },
      "130": { "start": { "line": 298, "column": 20 }, "end": { "line": 298, "column": null } },
      "131": { "start": { "line": 299, "column": 4 }, "end": { "line": 299, "column": null } },
      "132": { "start": { "line": 300, "column": 4 }, "end": { "line": 300, "column": null } },
      "133": { "start": { "line": 301, "column": 4 }, "end": { "line": 301, "column": null } },
      "134": { "start": { "line": 302, "column": 4 }, "end": { "line": 302, "column": null } },
      "135": { "start": { "line": 303, "column": 4 }, "end": { "line": 303, "column": null } },
      "136": { "start": { "line": 304, "column": 4 }, "end": { "line": 304, "column": null } },
      "137": { "start": { "line": 307, "column": 4 }, "end": { "line": 314, "column": null } },
      "138": { "start": { "line": 308, "column": 6 }, "end": { "line": 308, "column": null } },
      "139": { "start": { "line": 309, "column": 6 }, "end": { "line": 309, "column": null } },
      "140": { "start": { "line": 310, "column": 6 }, "end": { "line": 310, "column": null } },
      "141": { "start": { "line": 313, "column": 6 }, "end": { "line": 314, "column": null } },
      "142": { "start": { "line": 314, "column": 8 }, "end": { "line": 314, "column": null } },
      "143": { "start": { "line": 319, "column": 8 }, "end": { "line": 323, "column": null } },
      "144": { "start": { "line": 320, "column": 4 }, "end": { "line": 320, "column": null } },
      "145": { "start": { "line": 321, "column": 4 }, "end": { "line": 321, "column": null } },
      "146": { "start": { "line": 322, "column": 4 }, "end": { "line": 322, "column": null } },
      "147": { "start": { "line": 323, "column": 4 }, "end": { "line": 323, "column": null } },
      "148": { "start": { "line": 326, "column": 2 }, "end": { "line": 400, "column": null } },
      "149": { "start": { "line": 327, "column": 4 }, "end": { "line": 400, "column": null } },
      "150": { "start": { "line": 404, "column": 2 }, "end": { "line": 733, "column": null } },
      "151": { "start": { "line": 421, "column": 29 }, "end": { "line": 421, "column": 63 } },
      "152": { "start": { "line": 496, "column": 39 }, "end": { "line": 496, "column": 66 } },
      "153": { "start": { "line": 524, "column": 35 }, "end": { "line": 524, "column": 59 } },
      "154": { "start": { "line": 543, "column": 35 }, "end": { "line": 543, "column": 62 } },
      "155": { "start": { "line": 560, "column": 33 }, "end": { "line": 560, "column": 63 } },
      "156": { "start": { "line": 594, "column": 39 }, "end": { "line": 594, "column": 74 } },
      "157": { "start": { "line": 600, "column": 24 }, "end": { "line": 602, "column": null } },
      "158": { "start": { "line": 620, "column": 39 }, "end": { "line": 620, "column": 72 } },
      "159": { "start": { "line": 638, "column": 37 }, "end": { "line": 638, "column": 71 } }
    },
    "fnMap": {
      "0": {
        "name": "AuthPage",
        "decl": { "start": { "line": 44, "column": 24 }, "end": { "line": 44, "column": 35 } },
        "loc": { "start": { "line": 44, "column": 35 }, "end": { "line": 733, "column": null } },
        "line": 44
      },
      "1": {
        "name": "(anonymous_1)",
        "decl": { "start": { "line": 67, "column": 2 }, "end": { "line": 67, "column": 18 } },
        "loc": { "start": { "line": 67, "column": 18 }, "end": { "line": 69, "column": 7 } },
        "line": 67
      },
      "2": {
        "name": "(anonymous_2)",
        "decl": { "start": { "line": 72, "column": 2 }, "end": { "line": 72, "column": 18 } },
        "loc": { "start": { "line": 72, "column": 18 }, "end": { "line": 79, "column": 6 } },
        "line": 72
      },
      "3": {
        "name": "(anonymous_3)",
        "decl": { "start": { "line": 81, "column": 2 }, "end": { "line": 81, "column": 18 } },
        "loc": { "start": { "line": 81, "column": 18 }, "end": { "line": 132, "column": 6 } },
        "line": 81
      },
      "4": {
        "name": "(anonymous_4)",
        "decl": { "start": { "line": 82, "column": 10 }, "end": { "line": 82, "column": 28 } },
        "loc": { "start": { "line": 82, "column": 50 }, "end": { "line": 90, "column": null } },
        "line": 82
      },
      "5": {
        "name": "(anonymous_5)",
        "decl": { "start": { "line": 106, "column": 33 }, "end": { "line": 106, "column": 50 } },
        "loc": { "start": { "line": 106, "column": 50 }, "end": { "line": 121, "column": 11 } },
        "line": 106
      },
      "6": {
        "name": "(anonymous_6)",
        "decl": { "start": { "line": 123, "column": 4 }, "end": { "line": 123, "column": 17 } },
        "loc": { "start": { "line": 123, "column": 17 }, "end": { "line": 130, "column": null } },
        "line": 123
      },
      "7": {
        "name": "(anonymous_7)",
        "decl": { "start": { "line": 134, "column": 28 }, "end": { "line": 134, "column": 42 } },
        "loc": { "start": { "line": 134, "column": 42 }, "end": { "line": 145, "column": 6 } },
        "line": 134
      },
      "8": {
        "name": "(anonymous_8)",
        "decl": { "start": { "line": 147, "column": 28 }, "end": { "line": 147, "column": 42 } },
        "loc": { "start": { "line": 147, "column": 42 }, "end": { "line": 150, "column": 6 } },
        "line": 147
      },
      "9": {
        "name": "(anonymous_9)",
        "decl": { "start": { "line": 152, "column": 23 }, "end": { "line": 152, "column": 30 } },
        "loc": { "start": { "line": 152, "column": 53 }, "end": { "line": 258, "column": null } },
        "line": 152
      },
      "10": {
        "name": "(anonymous_10)",
        "decl": { "start": { "line": 262, "column": 35 }, "end": { "line": 262, "column": 47 } },
        "loc": { "start": { "line": 262, "column": 47 }, "end": { "line": 293, "column": null } },
        "line": 262
      },
      "11": {
        "name": "(anonymous_11)",
        "decl": { "start": { "line": 279, "column": 6 }, "end": { "line": 279, "column": 23 } },
        "loc": { "start": { "line": 279, "column": 23 }, "end": { "line": 279, "column": 46 } },
        "line": 279
      },
      "12": {
        "name": "(anonymous_12)",
        "decl": { "start": { "line": 297, "column": 8 }, "end": { "line": 297, "column": 27 } },
        "loc": { "start": { "line": 297, "column": 27 }, "end": { "line": 314, "column": null } },
        "line": 297
      },
      "13": {
        "name": "(anonymous_13)",
        "decl": { "start": { "line": 319, "column": 8 }, "end": { "line": 319, "column": 35 } },
        "loc": { "start": { "line": 319, "column": 35 }, "end": { "line": 323, "column": null } },
        "line": 319
      },
      "14": {
        "name": "(anonymous_14)",
        "decl": { "start": { "line": 421, "column": 14 }, "end": { "line": 421, "column": 29 } },
        "loc": { "start": { "line": 421, "column": 29 }, "end": { "line": 421, "column": 63 } },
        "line": 421
      },
      "15": {
        "name": "(anonymous_15)",
        "decl": { "start": { "line": 496, "column": 22 }, "end": { "line": 496, "column": 33 } },
        "loc": { "start": { "line": 496, "column": 39 }, "end": { "line": 496, "column": 66 } },
        "line": 496
      },
      "16": {
        "name": "(anonymous_16)",
        "decl": { "start": { "line": 524, "column": 18 }, "end": { "line": 524, "column": 29 } },
        "loc": { "start": { "line": 524, "column": 35 }, "end": { "line": 524, "column": 59 } },
        "line": 524
      },
      "17": {
        "name": "(anonymous_17)",
        "decl": { "start": { "line": 543, "column": 18 }, "end": { "line": 543, "column": 29 } },
        "loc": { "start": { "line": 543, "column": 35 }, "end": { "line": 543, "column": 62 } },
        "line": 543
      },
      "18": {
        "name": "(anonymous_18)",
        "decl": { "start": { "line": 560, "column": 18 }, "end": { "line": 560, "column": 33 } },
        "loc": { "start": { "line": 560, "column": 33 }, "end": { "line": 560, "column": 63 } },
        "line": 560
      },
      "19": {
        "name": "(anonymous_19)",
        "decl": { "start": { "line": 594, "column": 22 }, "end": { "line": 594, "column": 33 } },
        "loc": { "start": { "line": 594, "column": 39 }, "end": { "line": 594, "column": 74 } },
        "line": 594
      },
      "20": {
        "name": "(anonymous_20)",
        "decl": { "start": { "line": 599, "column": 42 }, "end": { "line": 599, "column": 47 } },
        "loc": { "start": { "line": 600, "column": 24 }, "end": { "line": 602, "column": null } },
        "line": 600
      },
      "21": {
        "name": "(anonymous_21)",
        "decl": { "start": { "line": 620, "column": 22 }, "end": { "line": 620, "column": 33 } },
        "loc": { "start": { "line": 620, "column": 39 }, "end": { "line": 620, "column": 72 } },
        "line": 620
      },
      "22": {
        "name": "(anonymous_22)",
        "decl": { "start": { "line": 638, "column": 20 }, "end": { "line": 638, "column": 31 } },
        "loc": { "start": { "line": 638, "column": 37 }, "end": { "line": 638, "column": 71 } },
        "line": 638
      }
    },
    "branchMap": {
      "0": {
        "loc": { "start": { "line": 73, "column": 4 }, "end": { "line": 76, "column": null } },
        "type": "if",
        "locations": [
          { "start": { "line": 73, "column": 4 }, "end": { "line": 76, "column": null } },
          { "start": {}, "end": {} }
        ],
        "line": 73
      },
      "1": {
        "loc": { "start": { "line": 75, "column": 6 }, "end": { "line": 76, "column": null } },
        "type": "if",
        "locations": [
          { "start": { "line": 75, "column": 6 }, "end": { "line": 76, "column": null } },
          { "start": {}, "end": {} }
        ],
        "line": 75
      },
      "2": {
        "loc": { "start": { "line": 83, "column": 6 }, "end": { "line": 90, "column": null } },
        "type": "if",
        "locations": [
          { "start": { "line": 83, "column": 6 }, "end": { "line": 90, "column": null } },
          { "start": {}, "end": {} }
        ],
        "line": 83
      },
      "3": {
        "loc": { "start": { "line": 86, "column": 8 }, "end": { "line": 90, "column": null } },
        "type": "if",
        "locations": [
          { "start": { "line": 86, "column": 8 }, "end": { "line": 90, "column": null } },
          { "start": {}, "end": {} }
        ],
        "line": 86
      },
      "4": {
        "loc": { "start": { "line": 87, "column": 10 }, "end": { "line": 90, "column": null } },
        "type": "if",
        "locations": [
          { "start": { "line": 87, "column": 10 }, "end": { "line": 90, "column": null } },
          { "start": { "line": 89, "column": 21 }, "end": { "line": 90, "column": null } }
        ],
        "line": 87
      },
      "5": {
        "loc": { "start": { "line": 87, "column": 14 }, "end": { "line": 87, "column": 55 } },
        "type": "binary-expr",
        "locations": [
          { "start": { "line": 87, "column": 14 }, "end": { "line": 87, "column": 41 } },
          { "start": { "line": 87, "column": 41 }, "end": { "line": 87, "column": 55 } }
        ],
        "line": 87
      },
      "6": {
        "loc": { "start": { "line": 89, "column": 21 }, "end": { "line": 90, "column": null } },
        "type": "if",
        "locations": [
          { "start": { "line": 89, "column": 21 }, "end": { "line": 90, "column": null } },
          { "start": {}, "end": {} }
        ],
        "line": 89
      },
      "7": {
        "loc": { "start": { "line": 89, "column": 21 }, "end": { "line": 89, "column": 65 } },
        "type": "binary-expr",
        "locations": [
          { "start": { "line": 89, "column": 21 }, "end": { "line": 89, "column": 51 } },
          { "start": { "line": 89, "column": 51 }, "end": { "line": 89, "column": 65 } }
        ],
        "line": 89
      },
      "8": {
        "loc": { "start": { "line": 99, "column": 4 }, "end": { "line": 100, "column": null } },
        "type": "if",
        "locations": [
          { "start": { "line": 99, "column": 4 }, "end": { "line": 100, "column": null } },
          { "start": {}, "end": {} }
        ],
        "line": 99
      },
      "9": {
        "loc": { "start": { "line": 102, "column": 4 }, "end": { "line": 103, "column": null } },
        "type": "if",
        "locations": [
          { "start": { "line": 102, "column": 4 }, "end": { "line": 103, "column": null } },
          { "start": {}, "end": {} }
        ],
        "line": 102
      },
      "10": {
        "loc": { "start": { "line": 108, "column": 6 }, "end": { "line": 118, "column": null } },
        "type": "if",
        "locations": [
          { "start": { "line": 108, "column": 6 }, "end": { "line": 118, "column": null } },
          { "start": { "line": 115, "column": 13 }, "end": { "line": 118, "column": null } }
        ],
        "line": 108
      },
      "11": {
        "loc": { "start": { "line": 109, "column": 8 }, "end": { "line": 110, "column": null } },
        "type": "if",
        "locations": [
          { "start": { "line": 109, "column": 8 }, "end": { "line": 110, "column": null } },
          { "start": {}, "end": {} }
        ],
        "line": 109
      },
      "12": {
        "loc": { "start": { "line": 109, "column": 12 }, "end": { "line": 109, "column": 41 } },
        "type": "binary-expr",
        "locations": [
          { "start": { "line": 109, "column": 12 }, "end": { "line": 109, "column": 33 } },
          { "start": { "line": 109, "column": 33 }, "end": { "line": 109, "column": 41 } }
        ],
        "line": 109
      },
      "13": {
        "loc": { "start": { "line": 112, "column": 8 }, "end": { "line": 113, "column": null } },
        "type": "if",
        "locations": [
          { "start": { "line": 112, "column": 8 }, "end": { "line": 113, "column": null } },
          { "start": {}, "end": {} }
        ],
        "line": 112
      },
      "14": {
        "loc": { "start": { "line": 112, "column": 12 }, "end": { "line": 112, "column": 47 } },
        "type": "binary-expr",
        "locations": [
          { "start": { "line": 112, "column": 12 }, "end": { "line": 112, "column": 36 } },
          { "start": { "line": 112, "column": 36 }, "end": { "line": 112, "column": 47 } }
        ],
        "line": 112
      },
      "15": {
        "loc": { "start": { "line": 117, "column": 8 }, "end": { "line": 118, "column": null } },
        "type": "if",
        "locations": [
          { "start": { "line": 117, "column": 8 }, "end": { "line": 118, "column": null } },
          { "start": {}, "end": {} }
        ],
        "line": 117
      },
      "16": {
        "loc": { "start": { "line": 117, "column": 12 }, "end": { "line": 117, "column": 47 } },
        "type": "binary-expr",
        "locations": [
          { "start": { "line": 117, "column": 12 }, "end": { "line": 117, "column": 36 } },
          { "start": { "line": 117, "column": 36 }, "end": { "line": 117, "column": 47 } }
        ],
        "line": 117
      },
      "17": {
        "loc": { "start": { "line": 124, "column": 6 }, "end": { "line": 125, "column": null } },
        "type": "if",
        "locations": [
          { "start": { "line": 124, "column": 6 }, "end": { "line": 125, "column": null } },
          { "start": {}, "end": {} }
        ],
        "line": 124
      },
      "18": {
        "loc": { "start": { "line": 127, "column": 6 }, "end": { "line": 128, "column": null } },
        "type": "if",
        "locations": [
          { "start": { "line": 127, "column": 6 }, "end": { "line": 128, "column": null } },
          { "start": {}, "end": {} }
        ],
        "line": 127
      },
      "19": {
        "loc": { "start": { "line": 135, "column": 4 }, "end": { "line": 135, "column": null } },
        "type": "if",
        "locations": [
          { "start": { "line": 135, "column": 4 }, "end": { "line": 135, "column": null } },
          { "start": {}, "end": {} }
        ],
        "line": 135
      },
      "20": {
        "loc": { "start": { "line": 137, "column": 6 }, "end": { "line": 143, "column": null } },
        "type": "binary-expr",
        "locations": [
          { "start": { "line": 137, "column": 6 }, "end": { "line": 137, "column": null } },
          { "start": { "line": 138, "column": 6 }, "end": { "line": 138, "column": null } },
          { "start": { "line": 139, "column": 6 }, "end": { "line": 139, "column": null } },
          { "start": { "line": 140, "column": 6 }, "end": { "line": 140, "column": null } },
          { "start": { "line": 141, "column": 6 }, "end": { "line": 141, "column": null } },
          { "start": { "line": 142, "column": 6 }, "end": { "line": 142, "column": null } },
          { "start": { "line": 143, "column": 6 }, "end": { "line": 143, "column": null } }
        ],
        "line": 137
      },
      "21": {
        "loc": { "start": { "line": 148, "column": 4 }, "end": { "line": 148, "column": null } },
        "type": "if",
        "locations": [
          { "start": { "line": 148, "column": 4 }, "end": { "line": 148, "column": null } },
          { "start": {}, "end": {} }
        ],
        "line": 148
      },
      "22": {
        "loc": { "start": { "line": 149, "column": 11 }, "end": { "line": 149, "column": null } },
        "type": "binary-expr",
        "locations": [
          { "start": { "line": 149, "column": 11 }, "end": { "line": 149, "column": 38 } },
          { "start": { "line": 149, "column": 38 }, "end": { "line": 149, "column": null } }
        ],
        "line": 149
      },
      "23": {
        "loc": { "start": { "line": 159, "column": 6 }, "end": { "line": 232, "column": null } },
        "type": "if",
        "locations": [
          { "start": { "line": 159, "column": 6 }, "end": { "line": 232, "column": null } },
          { "start": { "line": 224, "column": 13 }, "end": { "line": 232, "column": null } }
        ],
        "line": 159
      },
      "24": {
        "loc": { "start": { "line": 160, "column": 8 }, "end": { "line": 165, "column": null } },
        "type": "if",
        "locations": [
          { "start": { "line": 160, "column": 8 }, "end": { "line": 165, "column": null } },
          { "start": {}, "end": {} }
        ],
        "line": 160
      },
      "25": {
        "loc": { "start": { "line": 182, "column": 29 }, "end": { "line": 182, "column": null } },
        "type": "binary-expr",
        "locations": [
          { "start": { "line": 182, "column": 29 }, "end": { "line": 182, "column": 65 } },
          { "start": { "line": 182, "column": 65 }, "end": { "line": 182, "column": null } }
        ],
        "line": 182
      },
      "26": {
        "loc": { "start": { "line": 183, "column": 31 }, "end": { "line": 183, "column": null } },
        "type": "binary-expr",
        "locations": [
          { "start": { "line": 183, "column": 31 }, "end": { "line": 183, "column": 69 } },
          { "start": { "line": 183, "column": 69 }, "end": { "line": 183, "column": null } }
        ],
        "line": 183
      },
      "27": {
        "loc": { "start": { "line": 184, "column": 36 }, "end": { "line": 184, "column": null } },
        "type": "binary-expr",
        "locations": [
          { "start": { "line": 184, "column": 36 }, "end": { "line": 184, "column": 68 } },
          { "start": { "line": 184, "column": 68 }, "end": { "line": 184, "column": null } }
        ],
        "line": 184
      },
      "28": {
        "loc": { "start": { "line": 185, "column": 38 }, "end": { "line": 185, "column": null } },
        "type": "binary-expr",
        "locations": [
          { "start": { "line": 185, "column": 38 }, "end": { "line": 185, "column": 72 } },
          { "start": { "line": 185, "column": 72 }, "end": { "line": 185, "column": null } }
        ],
        "line": 185
      },
      "29": {
        "loc": { "start": { "line": 191, "column": 8 }, "end": { "line": 191, "column": null } },
        "type": "if",
        "locations": [
          { "start": { "line": 191, "column": 8 }, "end": { "line": 191, "column": null } },
          { "start": {}, "end": {} }
        ],
        "line": 191
      },
      "30": {
        "loc": { "start": { "line": 194, "column": 8 }, "end": { "line": 221, "column": null } },
        "type": "if",
        "locations": [
          { "start": { "line": 194, "column": 8 }, "end": { "line": 221, "column": null } },
          { "start": {}, "end": {} }
        ],
        "line": 194
      },
      "31": {
        "loc": { "start": { "line": 196, "column": 28 }, "end": { "line": 196, "column": null } },
        "type": "binary-expr",
        "locations": [
          { "start": { "line": 196, "column": 28 }, "end": { "line": 196, "column": 58 } },
          { "start": { "line": 196, "column": 58 }, "end": { "line": 196, "column": null } }
        ],
        "line": 196
      },
      "32": {
        "loc": { "start": { "line": 198, "column": 10 }, "end": { "line": 202, "column": null } },
        "type": "if",
        "locations": [
          { "start": { "line": 198, "column": 10 }, "end": { "line": 202, "column": null } },
          { "start": {}, "end": {} }
        ],
        "line": 198
      },
      "33": {
        "loc": { "start": { "line": 205, "column": 10 }, "end": { "line": 206, "column": null } },
        "type": "if",
        "locations": [
          { "start": { "line": 205, "column": 10 }, "end": { "line": 206, "column": null } },
          { "start": {}, "end": {} }
        ],
        "line": 205
      },
      "34": {
        "loc": { "start": { "line": 211, "column": 10 }, "end": { "line": 221, "column": null } },
        "type": "if",
        "locations": [
          { "start": { "line": 211, "column": 10 }, "end": { "line": 221, "column": null } },
          { "start": { "line": 219, "column": 17 }, "end": { "line": 221, "column": null } }
        ],
        "line": 211
      },
      "35": {
        "loc": { "start": { "line": 230, "column": 8 }, "end": { "line": 230, "column": null } },
        "type": "if",
        "locations": [
          { "start": { "line": 230, "column": 8 }, "end": { "line": 230, "column": null } },
          { "start": {}, "end": {} }
        ],
        "line": 230
      },
      "36": {
        "loc": { "start": { "line": 235, "column": 27 }, "end": { "line": 235, "column": null } },
        "type": "cond-expr",
        "locations": [
          { "start": { "line": 235, "column": 50 }, "end": { "line": 235, "column": 64 } },
          { "start": { "line": 235, "column": 64 }, "end": { "line": 235, "column": null } }
        ],
        "line": 235
      },
      "37": {
        "loc": { "start": { "line": 238, "column": 6 }, "end": { "line": 255, "column": null } },
        "type": "if",
        "locations": [
          { "start": { "line": 238, "column": 6 }, "end": { "line": 255, "column": null } },
          { "start": { "line": 244, "column": 8 }, "end": { "line": 255, "column": null } }
        ],
        "line": 238
      },
      "38": {
        "loc": { "start": { "line": 244, "column": 8 }, "end": { "line": 255, "column": null } },
        "type": "if",
        "locations": [
          { "start": { "line": 244, "column": 8 }, "end": { "line": 255, "column": null } },
          { "start": { "line": 248, "column": 17 }, "end": { "line": 255, "column": null } }
        ],
        "line": 244
      },
      "39": {
        "loc": { "start": { "line": 244, "column": 8 }, "end": { "line": 245, "column": 54 } },
        "type": "binary-expr",
        "locations": [
          { "start": { "line": 244, "column": 8 }, "end": { "line": 244, "column": 52 } },
          { "start": { "line": 245, "column": 8 }, "end": { "line": 245, "column": 54 } }
        ],
        "line": 244
      },
      "40": {
        "loc": { "start": { "line": 248, "column": 17 }, "end": { "line": 255, "column": null } },
        "type": "if",
        "locations": [
          { "start": { "line": 248, "column": 17 }, "end": { "line": 255, "column": null } },
          { "start": { "line": 252, "column": 17 }, "end": { "line": 255, "column": null } }
        ],
        "line": 248
      },
      "41": {
        "loc": { "start": { "line": 252, "column": 17 }, "end": { "line": 255, "column": null } },
        "type": "if",
        "locations": [
          { "start": { "line": 252, "column": 17 }, "end": { "line": 255, "column": null } },
          { "start": { "line": 254, "column": 13 }, "end": { "line": 255, "column": null } }
        ],
        "line": 252
      },
      "42": {
        "loc": { "start": { "line": 276, "column": 6 }, "end": { "line": 276, "column": null } },
        "type": "if",
        "locations": [
          { "start": { "line": 276, "column": 6 }, "end": { "line": 276, "column": null } },
          { "start": {}, "end": {} }
        ],
        "line": 276
      },
      "43": {
        "loc": { "start": { "line": 282, "column": 8 }, "end": { "line": 282, "column": null } },
        "type": "cond-expr",
        "locations": [
          { "start": { "line": 282, "column": 31 }, "end": { "line": 282, "column": 45 } },
          { "start": { "line": 282, "column": 45 }, "end": { "line": 282, "column": null } }
        ],
        "line": 282
      },
      "44": {
        "loc": { "start": { "line": 284, "column": 6 }, "end": { "line": 290, "column": null } },
        "type": "if",
        "locations": [
          { "start": { "line": 284, "column": 6 }, "end": { "line": 290, "column": null } },
          { "start": { "line": 289, "column": 13 }, "end": { "line": 290, "column": null } }
        ],
        "line": 284
      },
      "45": {
        "loc": { "start": { "line": 298, "column": 20 }, "end": { "line": 298, "column": null } },
        "type": "cond-expr",
        "locations": [
          { "start": { "line": 298, "column": 40 }, "end": { "line": 298, "column": 51 } },
          { "start": { "line": 298, "column": 51 }, "end": { "line": 298, "column": null } }
        ],
        "line": 298
      },
      "46": {
        "loc": { "start": { "line": 307, "column": 4 }, "end": { "line": 314, "column": null } },
        "type": "if",
        "locations": [
          { "start": { "line": 307, "column": 4 }, "end": { "line": 314, "column": null } },
          { "start": {}, "end": {} }
        ],
        "line": 307
      },
      "47": {
        "loc": { "start": { "line": 313, "column": 6 }, "end": { "line": 314, "column": null } },
        "type": "if",
        "locations": [
          { "start": { "line": 313, "column": 6 }, "end": { "line": 314, "column": null } },
          { "start": {}, "end": {} }
        ],
        "line": 313
      },
      "48": {
        "loc": { "start": { "line": 326, "column": 2 }, "end": { "line": 400, "column": null } },
        "type": "if",
        "locations": [
          { "start": { "line": 326, "column": 2 }, "end": { "line": 400, "column": null } },
          { "start": {}, "end": {} }
        ],
        "line": 326
      },
      "49": {
        "loc": { "start": { "line": 358, "column": 15 }, "end": { "line": 361, "column": null } },
        "type": "binary-expr",
        "locations": [
          { "start": { "line": 358, "column": 15 }, "end": { "line": 358, "column": null } },
          { "start": { "line": 359, "column": 16 }, "end": { "line": 361, "column": null } }
        ],
        "line": 358
      },
      "50": {
        "loc": { "start": { "line": 364, "column": 15 }, "end": { "line": 366, "column": null } },
        "type": "binary-expr",
        "locations": [
          { "start": { "line": 364, "column": 15 }, "end": { "line": 364, "column": null } },
          { "start": { "line": 365, "column": 16 }, "end": { "line": 366, "column": null } }
        ],
        "line": 364
      },
      "51": {
        "loc": { "start": { "line": 377, "column": 19 }, "end": { "line": 386, "column": null } },
        "type": "cond-expr",
        "locations": [
          { "start": { "line": 378, "column": 20 }, "end": { "line": 381, "column": null } },
          { "start": { "line": 383, "column": 20 }, "end": { "line": 386, "column": null } }
        ],
        "line": 377
      },
      "52": {
        "loc": { "start": { "line": 416, "column": 13 }, "end": { "line": 416, "column": null } },
        "type": "cond-expr",
        "locations": [
          { "start": { "line": 416, "column": 33 }, "end": { "line": 416, "column": 61 } },
          { "start": { "line": 416, "column": 61 }, "end": { "line": 416, "column": null } }
        ],
        "line": 416
      },
      "53": {
        "loc": { "start": { "line": 426, "column": 73 }, "end": { "line": 426, "column": null } },
        "type": "cond-expr",
        "locations": [
          { "start": { "line": 426, "column": 90 }, "end": { "line": 426, "column": 105 } },
          { "start": { "line": 426, "column": 105 }, "end": { "line": 426, "column": null } }
        ],
        "line": 426
      },
      "54": {
        "loc": { "start": { "line": 429, "column": 13 }, "end": { "line": 449, "column": null } },
        "type": "binary-expr",
        "locations": [
          { "start": { "line": 429, "column": 13 }, "end": { "line": 429, "column": null } },
          { "start": { "line": 430, "column": 14 }, "end": { "line": 449, "column": null } }
        ],
        "line": 429
      },
      "55": {
        "loc": { "start": { "line": 462, "column": 11 }, "end": { "line": 476, "column": null } },
        "type": "binary-expr",
        "locations": [
          { "start": { "line": 462, "column": 11 }, "end": { "line": 462, "column": null } },
          { "start": { "line": 463, "column": 12 }, "end": { "line": 476, "column": null } }
        ],
        "line": 462
      },
      "56": {
        "loc": { "start": { "line": 465, "column": 16 }, "end": { "line": 467, "column": null } },
        "type": "cond-expr",
        "locations": [
          { "start": { "line": 466, "column": 20 }, "end": { "line": 466, "column": null } },
          { "start": { "line": 467, "column": 20 }, "end": { "line": 467, "column": null } }
        ],
        "line": 465
      },
      "57": {
        "loc": { "start": { "line": 465, "column": 16 }, "end": { "line": 465, "column": 98 } },
        "type": "binary-expr",
        "locations": [
          { "start": { "line": 465, "column": 16 }, "end": { "line": 465, "column": 58 } },
          { "start": { "line": 465, "column": 62 }, "end": { "line": 465, "column": 98 } }
        ],
        "line": 465
      },
      "58": {
        "loc": { "start": { "line": 470, "column": 15 }, "end": { "line": 476, "column": 15 } },
        "type": "cond-expr",
        "locations": [
          { "start": { "line": 472, "column": 16 }, "end": { "line": 474, "column": 17 } },
          { "start": { "line": 474, "column": 16 }, "end": { "line": 476, "column": 15 } }
        ],
        "line": 470
      },
      "59": {
        "loc": { "start": { "line": 470, "column": 15 }, "end": { "line": 471, "column": 50 } },
        "type": "binary-expr",
        "locations": [
          { "start": { "line": 470, "column": 15 }, "end": { "line": 470, "column": 57 } },
          { "start": { "line": 471, "column": 14 }, "end": { "line": 471, "column": 50 } }
        ],
        "line": 470
      },
      "60": {
        "loc": { "start": { "line": 480, "column": 11 }, "end": { "line": 483, "column": null } },
        "type": "binary-expr",
        "locations": [
          { "start": { "line": 480, "column": 11 }, "end": { "line": 480, "column": null } },
          { "start": { "line": 481, "column": 12 }, "end": { "line": 483, "column": null } }
        ],
        "line": 480
      },
      "61": {
        "loc": { "start": { "line": 487, "column": 13 }, "end": { "line": 512, "column": null } },
        "type": "binary-expr",
        "locations": [
          { "start": { "line": 487, "column": 13 }, "end": { "line": 487, "column": null } },
          { "start": { "line": 488, "column": 14 }, "end": { "line": 512, "column": null } }
        ],
        "line": 487
      },
      "62": {
        "loc": { "start": { "line": 527, "column": 32 }, "end": { "line": 527, "column": null } },
        "type": "cond-expr",
        "locations": [
          { "start": { "line": 527, "column": 52 }, "end": { "line": 527, "column": 60 } },
          { "start": { "line": 527, "column": 60 }, "end": { "line": 527, "column": null } }
        ],
        "line": 527
      },
      "63": {
        "loc": { "start": { "line": 540, "column": 24 }, "end": { "line": 540, "column": null } },
        "type": "cond-expr",
        "locations": [
          { "start": { "line": 540, "column": 39 }, "end": { "line": 540, "column": 48 } },
          { "start": { "line": 540, "column": 48 }, "end": { "line": 540, "column": null } }
        ],
        "line": 540
      },
      "64": {
        "loc": { "start": { "line": 545, "column": 20 }, "end": { "line": 547, "column": null } },
        "type": "cond-expr",
        "locations": [
          { "start": { "line": 546, "column": 24 }, "end": { "line": 546, "column": null } },
          { "start": { "line": 547, "column": 24 }, "end": { "line": 547, "column": null } }
        ],
        "line": 545
      },
      "65": {
        "loc": { "start": { "line": 551, "column": 32 }, "end": { "line": 551, "column": null } },
        "type": "cond-expr",
        "locations": [
          { "start": { "line": 551, "column": 52 }, "end": { "line": 551, "column": 60 } },
          { "start": { "line": 551, "column": 60 }, "end": { "line": 551, "column": null } }
        ],
        "line": 551
      },
      "66": {
        "loc": { "start": { "line": 553, "column": 20 }, "end": { "line": 555, "column": null } },
        "type": "cond-expr",
        "locations": [
          { "start": { "line": 554, "column": 24 }, "end": { "line": 554, "column": null } },
          { "start": { "line": 555, "column": 24 }, "end": { "line": 555, "column": null } }
        ],
        "line": 553
      },
      "67": {
        "loc": { "start": { "line": 553, "column": 20 }, "end": { "line": 553, "column": null } },
        "type": "binary-expr",
        "locations": [
          { "start": { "line": 553, "column": 20 }, "end": { "line": 553, "column": 41 } },
          { "start": { "line": 553, "column": 41 }, "end": { "line": 553, "column": 64 } },
          { "start": { "line": 553, "column": 64 }, "end": { "line": 553, "column": null } }
        ],
        "line": 553
      },
      "68": {
        "loc": { "start": { "line": 562, "column": 30 }, "end": { "line": 562, "column": null } },
        "type": "cond-expr",
        "locations": [
          { "start": { "line": 562, "column": 45 }, "end": { "line": 562, "column": 63 } },
          { "start": { "line": 562, "column": 63 }, "end": { "line": 562, "column": null } }
        ],
        "line": 562
      },
      "69": {
        "loc": { "start": { "line": 564, "column": 19 }, "end": { "line": 564, "column": null } },
        "type": "cond-expr",
        "locations": [
          { "start": { "line": 564, "column": 34 }, "end": { "line": 564, "column": 68 } },
          { "start": { "line": 564, "column": 67 }, "end": { "line": 564, "column": null } }
        ],
        "line": 564
      },
      "70": {
        "loc": { "start": { "line": 567, "column": 15 }, "end": { "line": 569, "column": null } },
        "type": "binary-expr",
        "locations": [
          { "start": { "line": 567, "column": 15 }, "end": { "line": 567, "column": 36 } },
          { "start": { "line": 567, "column": 36 }, "end": { "line": 567, "column": 59 } },
          { "start": { "line": 567, "column": 59 }, "end": { "line": 567, "column": null } },
          { "start": { "line": 568, "column": 16 }, "end": { "line": 569, "column": null } }
        ],
        "line": 567
      },
      "71": {
        "loc": { "start": { "line": 572, "column": 15 }, "end": { "line": 580, "column": null } },
        "type": "binary-expr",
        "locations": [
          { "start": { "line": 572, "column": 15 }, "end": { "line": 572, "column": null } },
          { "start": { "line": 573, "column": 16 }, "end": { "line": 580, "column": null } }
        ],
        "line": 572
      },
      "72": {
        "loc": { "start": { "line": 584, "column": 13 }, "end": { "line": 628, "column": null } },
        "type": "binary-expr",
        "locations": [
          { "start": { "line": 584, "column": 13 }, "end": { "line": 584, "column": null } },
          { "start": { "line": 585, "column": 14 }, "end": { "line": 628, "column": null } }
        ],
        "line": 584
      },
      "73": {
        "loc": { "start": { "line": 631, "column": 13 }, "end": { "line": 681, "column": null } },
        "type": "cond-expr",
        "locations": [
          { "start": { "line": 632, "column": 14 }, "end": { "line": 665, "column": 15 } },
          { "start": { "line": 665, "column": 14 }, "end": { "line": 681, "column": null } }
        ],
        "line": 631
      },
      "74": {
        "loc": { "start": { "line": 685, "column": 13 }, "end": { "line": 695, "column": null } },
        "type": "binary-expr",
        "locations": [
          { "start": { "line": 685, "column": 13 }, "end": { "line": 685, "column": 34 } },
          { "start": { "line": 685, "column": 34 }, "end": { "line": 685, "column": null } },
          { "start": { "line": 686, "column": 14 }, "end": { "line": 695, "column": null } }
        ],
        "line": 685
      },
      "75": {
        "loc": { "start": { "line": 689, "column": 19 }, "end": { "line": 689, "column": null } },
        "type": "binary-expr",
        "locations": [
          { "start": { "line": 689, "column": 19 }, "end": { "line": 689, "column": 35 } },
          { "start": { "line": 689, "column": 39 }, "end": { "line": 689, "column": null } }
        ],
        "line": 689
      },
      "76": {
        "loc": { "start": { "line": 690, "column": 19 }, "end": { "line": 690, "column": null } },
        "type": "binary-expr",
        "locations": [
          { "start": { "line": 690, "column": 19 }, "end": { "line": 690, "column": 35 } },
          { "start": { "line": 690, "column": 39 }, "end": { "line": 690, "column": null } }
        ],
        "line": 690
      },
      "77": {
        "loc": { "start": { "line": 691, "column": 19 }, "end": { "line": 691, "column": null } },
        "type": "binary-expr",
        "locations": [
          { "start": { "line": 691, "column": 19 }, "end": { "line": 691, "column": 32 } },
          { "start": { "line": 691, "column": 36 }, "end": { "line": 691, "column": null } }
        ],
        "line": 691
      },
      "78": {
        "loc": { "start": { "line": 692, "column": 19 }, "end": { "line": 692, "column": null } },
        "type": "binary-expr",
        "locations": [
          { "start": { "line": 692, "column": 19 }, "end": { "line": 692, "column": 42 } },
          { "start": { "line": 692, "column": 42 }, "end": { "line": 692, "column": null } }
        ],
        "line": 692
      },
      "79": {
        "loc": { "start": { "line": 693, "column": 19 }, "end": { "line": 693, "column": null } },
        "type": "binary-expr",
        "locations": [
          { "start": { "line": 693, "column": 19 }, "end": { "line": 693, "column": 40 } },
          { "start": { "line": 693, "column": 40 }, "end": { "line": 693, "column": null } }
        ],
        "line": 693
      },
      "80": {
        "loc": { "start": { "line": 694, "column": 19 }, "end": { "line": 694, "column": null } },
        "type": "binary-expr",
        "locations": [
          { "start": { "line": 694, "column": 19 }, "end": { "line": 694, "column": 41 } },
          { "start": { "line": 694, "column": 45 }, "end": { "line": 694, "column": null } }
        ],
        "line": 694
      },
      "81": {
        "loc": { "start": { "line": 695, "column": 19 }, "end": { "line": 695, "column": null } },
        "type": "binary-expr",
        "locations": [
          { "start": { "line": 695, "column": 19 }, "end": { "line": 695, "column": 37 } },
          { "start": { "line": 695, "column": 37 }, "end": { "line": 695, "column": null } }
        ],
        "line": 695
      },
      "82": {
        "loc": { "start": { "line": 702, "column": 24 }, "end": { "line": 702, "column": null } },
        "type": "binary-expr",
        "locations": [
          { "start": { "line": 702, "column": 24 }, "end": { "line": 702, "column": 38 } },
          { "start": { "line": 702, "column": 38 }, "end": { "line": 702, "column": null } }
        ],
        "line": 702
      },
      "83": {
        "loc": { "start": { "line": 702, "column": 38 }, "end": { "line": 702, "column": null } },
        "type": "cond-expr",
        "locations": [
          { "start": { "line": 702, "column": 58 }, "end": { "line": 702, "column": 79 } },
          { "start": { "line": 702, "column": 79 }, "end": { "line": 702, "column": null } }
        ],
        "line": 702
      },
      "84": {
        "loc": { "start": { "line": 705, "column": 15 }, "end": { "line": 714, "column": null } },
        "type": "cond-expr",
        "locations": [
          { "start": { "line": 706, "column": 16 }, "end": { "line": 709, "column": null } },
          { "start": { "line": 711, "column": 16 }, "end": { "line": 714, "column": null } }
        ],
        "line": 705
      },
      "85": {
        "loc": { "start": { "line": 708, "column": 25 }, "end": { "line": 708, "column": 92 } },
        "type": "cond-expr",
        "locations": [
          { "start": { "line": 708, "column": 45 }, "end": { "line": 708, "column": 63 } },
          { "start": { "line": 708, "column": 63 }, "end": { "line": 708, "column": 92 } }
        ],
        "line": 708
      },
      "86": {
        "loc": { "start": { "line": 712, "column": 25 }, "end": { "line": 712, "column": 81 } },
        "type": "cond-expr",
        "locations": [
          { "start": { "line": 712, "column": 45 }, "end": { "line": 712, "column": 57 } },
          { "start": { "line": 712, "column": 57 }, "end": { "line": 712, "column": 81 } }
        ],
        "line": 712
      },
      "87": {
        "loc": { "start": { "line": 721, "column": 15 }, "end": { "line": 721, "column": null } },
        "type": "cond-expr",
        "locations": [
          { "start": { "line": 721, "column": 35 }, "end": { "line": 721, "column": 62 } },
          { "start": { "line": 721, "column": 62 }, "end": { "line": 721, "column": null } }
        ],
        "line": 721
      },
      "88": {
        "loc": { "start": { "line": 727, "column": 17 }, "end": { "line": 727, "column": null } },
        "type": "cond-expr",
        "locations": [
          { "start": { "line": 727, "column": 37 }, "end": { "line": 727, "column": 49 } },
          { "start": { "line": 727, "column": 49 }, "end": { "line": 727, "column": null } }
        ],
        "line": 727
      }
    },
    "s": {
      "0": 1,
      "1": 30,
      "2": 30,
      "3": 30,
      "4": 30,
      "5": 30,
      "6": 30,
      "7": 30,
      "8": 30,
      "9": 30,
      "10": 30,
      "11": 30,
      "12": 30,
      "13": 30,
      "14": 30,
      "15": 30,
      "16": 30,
      "17": 30,
      "18": 30,
      "19": 30,
      "20": 30,
      "21": 30,
      "22": 10,
      "23": 30,
      "24": 14,
      "25": 4,
      "26": 4,
      "27": 4,
      "28": 30,
      "29": 20,
      "30": 0,
      "31": 0,
      "32": 0,
      "33": 0,
      "34": 0,
      "35": 0,
      "36": 0,
      "37": 20,
      "38": 20,
      "39": 20,
      "40": 20,
      "41": 20,
      "42": 20,
      "43": 20,
      "44": 0,
      "45": 0,
      "46": 0,
      "47": 0,
      "48": 0,
      "49": 0,
      "50": 0,
      "51": 20,
      "52": 20,
      "53": 20,
      "54": 20,
      "55": 20,
      "56": 20,
      "57": 30,
      "58": 20,
      "59": 16,
      "60": 4,
      "61": 30,
      "62": 20,
      "63": 4,
      "64": 16,
      "65": 30,
      "66": 2,
      "67": 2,
      "68": 2,
      "69": 2,
      "70": 2,
      "71": 2,
      "72": 0,
      "73": 0,
      "74": 0,
      "75": 0,
      "76": 0,
      "77": 0,
      "78": 0,
      "79": 0,
      "80": 0,
      "81": 0,
      "82": 0,
      "83": 0,
      "84": 0,
      "85": 0,
      "86": 0,
      "87": 0,
      "88": 0,
      "89": 0,
      "90": 0,
      "91": 0,
      "92": 0,
      "93": 0,
      "94": 0,
      "95": 0,
      "96": 0,
      "97": 0,
      "98": 2,
      "99": 2,
      "100": 1,
      "101": 1,
      "102": 1,
      "103": 1,
      "104": 0,
      "105": 1,
      "106": 0,
      "107": 1,
      "108": 0,
      "109": 1,
      "110": 1,
      "111": 0,
      "112": 2,
      "113": 30,
      "114": 0,
      "115": 0,
      "116": 0,
      "117": 0,
      "118": 0,
      "119": 0,
      "120": 0,
      "121": 0,
      "122": 0,
      "123": 0,
      "124": 0,
      "125": 0,
      "126": 0,
      "127": 0,
      "128": 0,
      "129": 30,
      "130": 4,
      "131": 4,
      "132": 4,
      "133": 4,
      "134": 4,
      "135": 4,
      "136": 4,
      "137": 4,
      "138": 4,
      "139": 4,
      "140": 4,
      "141": 4,
      "142": 4,
      "143": 30,
      "144": 0,
      "145": 0,
      "146": 0,
      "147": 0,
      "148": 30,
      "149": 0,
      "150": 29,
      "151": 0,
      "152": 0,
[...]
      "3": [22],
      "4": [22, 1],
      "5": [22, 16],
      "6": [1, 21],
      "7": [16, 5],
      "8": [3],
      "9": [3],
      "10": [3],
      "11": [3, 2]
    },
    "meta": {
      "lastBranch": 12,
      "lastFunction": 5,
      "lastStatement": 25,
      "seen": {
        "s:16:47:22:Infinity": 0,
        "s:24:46:30:Infinity": 1,
        "f:32:9:32:21": 0,
        "s:33:16:33:40": 2,
        "b:34:2:35:Infinity:undefined:undefined:undefined:undefined": 0,
        "s:34:2:35:Infinity": 3,
        "s:35:4:35:Infinity": 4,
        "s:37:2:37:Infinity": 5,
        "f:40:9:40:23": 1,
        "s:41:13:41:Infinity": 6,
        "s:42:2:43:Infinity": 7,
        "s:42:15:42:18": 8,
        "s:43:4:43:Infinity": 9,
        "s:45:17:54:Infinity": 10,
        "s:55:2:55:Infinity": 11,
        "f:58:16:58:23": 2,
        "b:60:8:60:Infinity": 1,
        "b:62:9:62:Infinity": 2,
        "b:63:14:63:Infinity": 3,
        "s:65:19:65:Infinity": 12,
        "b:65:19:65:26:65:26:65:Infinity": 4,
        "s:66:18:66:Infinity": 13,
        "b:66:18:66:26:66:26:66:Infinity": 5,
        "b:68:2:79:Infinity:undefined:undefined:undefined:undefined": 6,
        "s:68:2:79:Infinity": 14,
        "s:69:4:79:Infinity": 15,
        "b:83:2:101:Infinity:undefined:undefined:undefined:undefined": 7,
        "s:83:2:101:Infinity": 16,
        "s:84:21:84:38": 17,
        "s:85:20:85:39": 18,
        "s:87:4:101:Infinity": 19,
        "s:105:2:118:Infinity": 20,
        "f:129:16:129:28": 3,
        "b:129:45:129:48": 8,
        "b:129:55:129:61": 9,
        "b:129:73:129:97": 10,
        "s:130:25:130:46": 21,
        "s:131:25:131:Infinity": 22,
        "s:133:2:155:Infinity": 23,
        "f:135:22:135:27": 4,
        "s:136:8:142:Infinity": 24,
        "b:144:7:144:Infinity:145:8:155:Infinity": 11
      }
    }
  },
  "C:\\Users\\efaus\\Warp Projects\\inner_stance_buddy\\src\\components\\ui\\Badge.tsx": {
    "path": "C:\\Users\\efaus\\Warp Projects\\inner_stance_buddy\\src\\components\\ui\\Badge.tsx",
    "statementMap": {
      "0": { "start": { "line": 17, "column": 52 }, "end": { "line": 24, "column": null } },
      "1": { "start": { "line": 26, "column": 46 }, "end": { "line": 29, "column": null } },
      "2": { "start": { "line": 38, "column": 2 }, "end": { "line": 49, "column": null } },
      "3": { "start": { "line": 64, "column": 2 }, "end": { "line": 64, "column": null } },
      "4": { "start": { "line": 64, "column": 18 }, "end": { "line": 64, "column": null } },
      "5": { "start": { "line": 66, "column": 23 }, "end": { "line": 66, "column": null } },
      "6": { "start": { "line": 68, "column": 2 }, "end": { "line": 80, "column": null } },
      "7": { "start": { "line": 89, "column": 63 }, "end": { "line": 94, "column": null } },
      "8": { "start": { "line": 97, "column": 2 }, "end": { "line": 105, "column": null } }
    },
    "fnMap": {
      "0": {
        "name": "Badge",
        "decl": { "start": { "line": 31, "column": 16 }, "end": { "line": 31, "column": 22 } },
        "loc": { "start": { "line": 37, "column": 15 }, "end": { "line": 49, "column": null } },
        "line": 37
      },
      "1": {
        "name": "NotificationBadge",
        "decl": { "start": { "line": 59, "column": 16 }, "end": { "line": 59, "column": 34 } },
        "loc": { "start": { "line": 63, "column": 27 }, "end": { "line": 80, "column": null } },
        "line": 63
      },
      "2": {
        "name": "StatusDot",
        "decl": { "start": { "line": 96, "column": 16 }, "end": { "line": 96, "column": 26 } },
        "loc": { "start": { "line": 96, "column": 70 }, "end": { "line": 105, "column": null } },
        "line": 96
      }
    },
    "branchMap": {
      "0": {
        "loc": { "start": { "line": 32, "column": 2 }, "end": { "line": 32, "column": null } },
        "type": "default-arg",
        "locations": [
          { "start": { "line": 32, "column": 12 }, "end": { "line": 32, "column": null } }
        ],
        "line": 32
      },
      "1": {
        "loc": { "start": { "line": 33, "column": 2 }, "end": { "line": 33, "column": null } },
        "type": "default-arg",
        "locations": [
          { "start": { "line": 33, "column": 9 }, "end": { "line": 33, "column": null } }
        ],
        "line": 33
      },
      "2": {
        "loc": { "start": { "line": 34, "column": 2 }, "end": { "line": 34, "column": null } },
        "type": "default-arg",
        "locations": [
          { "start": { "line": 34, "column": 9 }, "end": { "line": 34, "column": null } }
        ],
        "line": 34
      },
      "3": {
        "loc": { "start": { "line": 35, "column": 2 }, "end": { "line": 35, "column": null } },
        "type": "default-arg",
        "locations": [
          { "start": { "line": 35, "column": 14 }, "end": { "line": 35, "column": null } }
        ],
        "line": 35
      },
      "4": {
        "loc": { "start": { "line": 42, "column": 10 }, "end": { "line": 42, "column": null } },
        "type": "cond-expr",
        "locations": [
          { "start": { "line": 42, "column": 17 }, "end": { "line": 42, "column": 34 } },
          { "start": { "line": 42, "column": 34 }, "end": { "line": 42, "column": null } }
        ],
        "line": 42
      },
      "5": {
        "loc": { "start": { "line": 61, "column": 2 }, "end": { "line": 61, "column": null } },
        "type": "default-arg",
        "locations": [
          { "start": { "line": 61, "column": 13 }, "end": { "line": 61, "column": null } }
        ],
        "line": 61
      },
      "6": {
        "loc": { "start": { "line": 62, "column": 2 }, "end": { "line": 62, "column": null } },
        "type": "default-arg",
        "locations": [
          { "start": { "line": 62, "column": 14 }, "end": { "line": 62, "column": null } }
        ],
        "line": 62
      },
      "7": {
        "loc": { "start": { "line": 64, "column": 2 }, "end": { "line": 64, "column": null } },
        "type": "if",
        "locations": [
          { "start": { "line": 64, "column": 2 }, "end": { "line": 64, "column": null } },
          { "start": {}, "end": {} }
        ],
        "line": 64
      },
      "8": {
        "loc": { "start": { "line": 66, "column": 23 }, "end": { "line": 66, "column": null } },
        "type": "cond-expr",
        "locations": [
          { "start": { "line": 66, "column": 42 }, "end": { "line": 66, "column": 59 } },
          { "start": { "line": 66, "column": 59 }, "end": { "line": 66, "column": null } }
        ],
        "line": 66
      },
      "9": {
        "loc": { "start": { "line": 96, "column": 36 }, "end": { "line": 96, "column": 70 } },
        "type": "default-arg",
        "locations": [
          { "start": { "line": 96, "column": 48 }, "end": { "line": 96, "column": 70 } }
        ],
        "line": 96
      },
      "10": {
        "loc": { "start": { "line": 102, "column": 10 }, "end": { "line": 102, "column": null } },
        "type": "cond-expr",
        "locations": [
          { "start": { "line": 102, "column": 32 }, "end": { "line": 102, "column": 55 } },
          { "start": { "line": 102, "column": 55 }, "end": { "line": 102, "column": null } }
        ],
        "line": 102
      }
    },
    "s": { "0": 1, "1": 1, "2": 10, "3": 3, "4": 1, "5": 2, "6": 3, "7": 1, "8": 4 },
    "f": { "0": 10, "1": 3, "2": 4 },
    "b": {
      "0": [10],
      "1": [10],
      "2": [10],
      "3": [10],
      "4": [9, 1],
      "5": [3],
      "6": [3],
      "7": [1, 2],
      "8": [1, 1],
      "9": [4],
      "10": [1, 3]
    },
    "meta": {
      "lastBranch": 11,
      "lastFunction": 3,
      "lastStatement": 9,
      "seen": {
        "s:17:52:24:Infinity": 0,
        "s:26:46:29:Infinity": 1,
        "f:31:16:31:22": 0,
        "b:32:12:32:Infinity": 0,
        "b:33:9:33:Infinity": 1,
        "b:34:9:34:Infinity": 2,
        "b:35:14:35:Infinity": 3,
        "s:38:2:49:Infinity": 2,
        "b:42:17:42:34:42:34:42:Infinity": 4,
        "f:59:16:59:34": 1,
        "b:61:13:61:Infinity": 5,
        "b:62:14:62:Infinity": 6,
        "b:64:2:64:Infinity:undefined:undefined:undefined:undefined": 7,
        "s:64:2:64:Infinity": 3,
        "s:64:18:64:Infinity": 4,
        "s:66:23:66:Infinity": 5,
        "b:66:42:66:59:66:59:66:Infinity": 8,
        "s:68:2:80:Infinity": 6,
        "s:89:63:94:Infinity": 7,
        "f:96:16:96:26": 2,
        "b:96:48:96:70": 9,
        "s:97:2:105:Infinity": 8,
        "b:102:32:102:55:102:55:102:Infinity": 10
      }
    }
  },
  "C:\\Users\\efaus\\Warp Projects\\inner_stance_buddy\\src\\components\\ui\\Button.tsx": {
    "path": "C:\\Users\\efaus\\Warp Projects\\inner_stance_buddy\\src\\components\\ui\\Button.tsx",
    "statementMap": {
      "0": { "start": { "line": 19, "column": 53 }, "end": { "line": 25, "column": null } },
      "1": { "start": { "line": 27, "column": 47 }, "end": { "line": 31, "column": null } },
      "2": { "start": { "line": 44, "column": 21 }, "end": { "line": 44, "column": null } },
      "3": { "start": { "line": 46, "column": 2 }, "end": { "line": 67, "column": null } }
    },
    "fnMap": {
      "0": {
        "name": "Button",
        "decl": { "start": { "line": 33, "column": 16 }, "end": { "line": 33, "column": 23 } },
        "loc": { "start": { "line": 43, "column": 16 }, "end": { "line": 67, "column": null } },
        "line": 43
      }
    },
    "branchMap": {
      "0": {
        "loc": { "start": { "line": 34, "column": 2 }, "end": { "line": 34, "column": null } },
        "type": "default-arg",
        "locations": [
          { "start": { "line": 34, "column": 12 }, "end": { "line": 34, "column": null } }
        ],
        "line": 34
      },
      "1": {
        "loc": { "start": { "line": 35, "column": 2 }, "end": { "line": 35, "column": null } },
        "type": "default-arg",
        "locations": [
          { "start": { "line": 35, "column": 9 }, "end": { "line": 35, "column": null } }
        ],
        "line": 35
      },
      "2": {
        "loc": { "start": { "line": 36, "column": 2 }, "end": { "line": 36, "column": null } },
        "type": "default-arg",
        "locations": [
          { "start": { "line": 36, "column": 12 }, "end": { "line": 36, "column": null } }
        ],
        "line": 36
      },
      "3": {
        "loc": { "start": { "line": 38, "column": 2 }, "end": { "line": 38, "column": null } },
        "type": "default-arg",
        "locations": [
          { "start": { "line": 38, "column": 17 }, "end": { "line": 38, "column": null } }
        ],
        "line": 38
      },
      "4": {
        "loc": { "start": { "line": 40, "column": 2 }, "end": { "line": 40, "column": null } },
        "type": "default-arg",
        "locations": [
          { "start": { "line": 40, "column": 14 }, "end": { "line": 40, "column": null } }
        ],
        "line": 40
      },
      "5": {
        "loc": { "start": { "line": 44, "column": 21 }, "end": { "line": 44, "column": null } },
        "type": "binary-expr",
        "locations": [
          { "start": { "line": 44, "column": 21 }, "end": { "line": 44, "column": 33 } },
          { "start": { "line": 44, "column": 33 }, "end": { "line": 44, "column": null } }
        ],
        "line": 44
      },
      "6": {
        "loc": { "start": { "line": 60, "column": 7 }, "end": { "line": 63, "column": null } },
        "type": "cond-expr",
        "locations": [
          { "start": { "line": 61, "column": 8 }, "end": { "line": 63, "column": 16 } },
          { "start": { "line": 63, "column": 8 }, "end": { "line": 63, "column": null } }
        ],
        "line": 60
      },
      "7": {
        "loc": { "start": { "line": 63, "column": 8 }, "end": { "line": 63, "column": null } },
        "type": "binary-expr",
        "locations": [
          { "start": { "line": 63, "column": 8 }, "end": { "line": 63, "column": 16 } },
          { "start": { "line": 63, "column": 16 }, "end": { "line": 63, "column": 43 } },
          { "start": { "line": 63, "column": 43 }, "end": { "line": 63, "column": null } }
        ],
        "line": 63
      },
      "8": {
        "loc": { "start": { "line": 66, "column": 7 }, "end": { "line": 67, "column": null } },
        "type": "binary-expr",
        "locations": [
          { "start": { "line": 66, "column": 7 }, "end": { "line": 66, "column": 19 } },
          { "start": { "line": 66, "column": 19 }, "end": { "line": 66, "column": 27 } },
          { "start": { "line": 66, "column": 27 }, "end": { "line": 66, "column": null } },
          { "start": { "line": 67, "column": 8 }, "end": { "line": 67, "column": null } }
        ],
        "line": 66
      }
    },
    "s": { "0": 1, "1": 1, "2": 12, "3": 12 },
    "f": { "0": 12 },
    "b": {
      "0": [12],
      "1": [12],
      "2": [12],
      "3": [12],
      "4": [12],
      "5": [12, 11],
      "6": [2, 10],
      "7": [10, 2, 1],
      "8": [12, 10, 2, 1]
    },
    "meta": {
      "lastBranch": 9,
      "lastFunction": 1,
      "lastStatement": 4,
      "seen": {
        "s:19:53:25:Infinity": 0,
        "s:27:47:31:Infinity": 1,
        "f:33:16:33:23": 0,
        "b:34:12:34:Infinity": 0,
        "b:35:9:35:Infinity": 1,
        "b:36:12:36:Infinity": 2,
        "b:38:17:38:Infinity": 3,
        "b:40:14:40:Infinity": 4,
        "s:44:21:44:Infinity": 2,
        "b:44:21:44:33:44:33:44:Infinity": 5,
        "s:46:2:67:Infinity": 3,
        "b:61:8:63:16:63:8:63:Infinity": 6,
        "b:63:8:63:16:63:16:63:43:63:43:63:Infinity": 7,
        "b:66:7:66:19:66:19:66:27:66:27:66:Infinity:67:8:67:Infinity": 8
      }
    }
  },
  "C:\\Users\\efaus\\Warp Projects\\inner_stance_buddy\\src\\components\\ui\\Card.tsx": {
    "path": "C:\\Users\\efaus\\Warp Projects\\inner_stance_buddy\\src\\components\\ui\\Card.tsx",
    "statementMap": {
      "0": { "start": { "line": 16, "column": 51 }, "end": { "line": 21, "column": null } },
      "1": { "start": { "line": 23, "column": 67 }, "end": { "line": 28, "column": null } },
      "2": { "start": { "line": 37, "column": 2 }, "end": { "line": 48, "column": null } },
      "3": { "start": { "line": 58, "column": 2 }, "end": { "line": 58, "column": null } },
      "4": { "start": { "line": 68, "column": 2 }, "end": { "line": 68, "column": null } },
      "5": { "start": { "line": 77, "column": 2 }, "end": { "line": 77, "column": null } },
      "6": { "start": { "line": 86, "column": 2 }, "end": { "line": 86, "column": null } }
    },
    "fnMap": {
      "0": {
        "name": "Card",
        "decl": { "start": { "line": 30, "column": 16 }, "end": { "line": 30, "column": 21 } },
        "loc": { "start": { "line": 36, "column": 14 }, "end": { "line": 48, "column": null } },
        "line": 36
      },
      "1": {
        "name": "CardHeader",
        "decl": { "start": { "line": 57, "column": 16 }, "end": { "line": 57, "column": 27 } },
        "loc": { "start": { "line": 57, "column": 74 }, "end": { "line": 58, "column": null } },
        "line": 57
      },
      "2": {
        "name": "CardTitle",
        "decl": { "start": { "line": 67, "column": 16 }, "end": { "line": 67, "column": 26 } },
        "loc": { "start": { "line": 67, "column": 94 }, "end": { "line": 68, "column": null } },
        "line": 67
      },
      "3": {
        "name": "CardContent",
        "decl": { "start": { "line": 76, "column": 16 }, "end": { "line": 76, "column": 28 } },
        "loc": { "start": { "line": 76, "column": 76 }, "end": { "line": 77, "column": null } },
        "line": 76
      },
      "4": {
        "name": "CardFooter",
        "decl": { "start": { "line": 85, "column": 16 }, "end": { "line": 85, "column": 27 } },
        "loc": { "start": { "line": 85, "column": 74 }, "end": { "line": 86, "column": null } },
        "line": 85
      }
    },
    "branchMap": {
      "0": {
        "loc": { "start": { "line": 31, "column": 2 }, "end": { "line": 31, "column": null } },
        "type": "default-arg",
        "locations": [
          { "start": { "line": 31, "column": 12 }, "end": { "line": 31, "column": null } }
        ],
        "line": 31
      },
      "1": {
        "loc": { "start": { "line": 32, "column": 2 }, "end": { "line": 32, "column": null } },
        "type": "default-arg",
        "locations": [
          { "start": { "line": 32, "column": 12 }, "end": { "line": 32, "column": null } }
        ],
        "line": 32
      },
      "2": {
        "loc": { "start": { "line": 33, "column": 2 }, "end": { "line": 33, "column": null } },
        "type": "default-arg",
        "locations": [
          { "start": { "line": 33, "column": 10 }, "end": { "line": 33, "column": null } }
        ],
        "line": 33
      },
      "3": {
        "loc": { "start": { "line": 34, "column": 2 }, "end": { "line": 34, "column": null } },
        "type": "default-arg",
        "locations": [
          { "start": { "line": 34, "column": 14 }, "end": { "line": 34, "column": null } }
        ],
        "line": 34
      },
      "4": {
        "loc": { "start": { "line": 43, "column": 10 }, "end": { "line": 43, "column": null } },
        "type": "cond-expr",
        "locations": [
          { "start": { "line": 43, "column": 18 }, "end": { "line": 43, "column": 97 } },
          { "start": { "line": 43, "column": 97 }, "end": { "line": 43, "column": null } }
        ],
        "line": 43
      },
      "5": {
        "loc": { "start": { "line": 57, "column": 29 }, "end": { "line": 57, "column": 45 } },
        "type": "default-arg",
        "locations": [
          { "start": { "line": 57, "column": 41 }, "end": { "line": 57, "column": 45 } }
        ],
        "line": 57
      },
      "6": {
        "loc": { "start": { "line": 67, "column": 32 }, "end": { "line": 67, "column": 50 } },
        "type": "default-arg",
        "locations": [
          { "start": { "line": 67, "column": 44 }, "end": { "line": 67, "column": 50 } }
        ],
        "line": 67
      },
      "7": {
        "loc": { "start": { "line": 67, "column": 50 }, "end": { "line": 67, "column": 66 } },
        "type": "default-arg",
        "locations": [
          { "start": { "line": 67, "column": 62 }, "end": { "line": 67, "column": 66 } }
        ],
        "line": 67
      },
      "8": {
        "loc": { "start": { "line": 76, "column": 30 }, "end": { "line": 76, "column": 46 } },
        "type": "default-arg",
        "locations": [
          { "start": { "line": 76, "column": 42 }, "end": { "line": 76, "column": 46 } }
        ],
        "line": 76
      },
      "9": {
        "loc": { "start": { "line": 85, "column": 29 }, "end": { "line": 85, "column": 45 } },
        "type": "default-arg",
        "locations": [
          { "start": { "line": 85, "column": 41 }, "end": { "line": 85, "column": 45 } }
        ],
        "line": 85
      }
    },
    "s": { "0": 3, "1": 3, "2": 51, "3": 1, "4": 2, "5": 1, "6": 1 },
    "f": { "0": 51, "1": 1, "2": 2, "3": 1, "4": 1 },
    "b": {
      "0": [51],
      "1": [51],
      "2": [51],
      "3": [51],
      "4": [1, 50],
      "5": [1],
      "6": [2],
      "7": [2],
      "8": [1],
      "9": [1]
    },
    "meta": {
      "lastBranch": 10,
      "lastFunction": 5,
      "lastStatement": 7,
      "seen": {
        "s:16:51:21:Infinity": 0,
        "s:23:67:28:Infinity": 1,
        "f:30:16:30:21": 0,
        "b:31:12:31:Infinity": 0,
        "b:32:12:32:Infinity": 1,
        "b:33:10:33:Infinity": 2,
        "b:34:14:34:Infinity": 3,
        "s:37:2:48:Infinity": 2,
        "b:43:18:43:97:43:97:43:Infinity": 4,
        "f:57:16:57:27": 1,
        "b:57:41:57:45": 5,
        "s:58:2:58:Infinity": 3,
        "f:67:16:67:26": 2,
        "b:67:44:67:50": 6,
        "b:67:62:67:66": 7,
        "s:68:2:68:Infinity": 4,
        "f:76:16:76:28": 3,
        "b:76:42:76:46": 8,
        "s:77:2:77:Infinity": 5,
        "f:85:16:85:27": 4,
        "b:85:41:85:45": 9,
        "s:86:2:86:Infinity": 6
      }
    }
  }
}
